         w __deregister_frame_info
         w __register_frame_info
         w _ITM_deregisterTMCloneTable
         w _ITM_registerTMCloneTable
         w _Jv_RegisterClasses
00000000 b .LANCHOR1
00000000 b _TLS_MODULE_BASE_
00000000 a shift
00000000 a shift
00000000 00002000 b tmp_buffer.6669
00001ff8 b .LANCHOR2
00002000 00000401 b __fixedpath
00002404 00000802 b __utf16path
00002c08 00000802 b __utf16path_old.6740
00100000 T __start__
00100000 T _start
00100008 T __service_ptr
0010000c T __apt_appid
00100010 T __heap_size
00100014 T __linear_heap_size
00100018 T __system_arglist
0010001c T __system_runflags
00100020 t startup
00100058 t ClearMem
0010006c t ClrLoop
00100094 T _init
001000ac t deregister_tm_clones
001000dc t register_tm_clones
00100114 t __do_global_dtors_aux
00100158 t frame_dummy
001001b4 00000030 T FT_Add_Default_Modules
001001e4 0000006c T FT_Init_FreeType
00100250 0000002c T FT_Done_FreeType
0010027c 00000078 t destroy_size
001002f4 00000034 t memory_stream_close
00100328 00000024 t ft_raccess_sort_ref_by_id
0010034c 000000e8 t ft_trig_pseudo_polarize
00100434 00000064 t ft_div64by32.part.2
00100498 0000008c t FT_Outline_Done_Internal.part.22
00100524 000000ec t FT_Stream_New.part.18
00100610 00000054 t FT_Stream_Skip.part.14
00100664 000000d4 t FT_MulDiv.constprop.38
00100738 000000c4 t raccess_guess_darwin_newvfs
001007fc 000000b8 t raccess_guess_darwin_hfsplus
001008b4 000000f0 t raccess_guess_vfat
001009a4 000000ec t raccess_guess_linux_cap
00100a90 00000318 t open_face
00100da8 00000014 T FT_RoundFix
00100dbc 00000014 T FT_CeilFix
00100dd0 0000000c T FT_FloorFix
00100ddc 00000124 T FT_Hypot
00100f00 00000100 T FT_MulDiv
00101000 000000e0 T FT_MulDiv_No_Round
001010e0 00000020 T FT_MulFix
00101100 00000110 T FT_DivFix
00101210 00000130 T FT_Matrix_Multiply
00101340 000000c4 T FT_Matrix_Invert
00101404 00000108 T FT_Matrix_Multiply_Scaled
0010150c 00000258 T FT_Vector_Transform_Scaled
00101764 000001b4 T FT_Vector_NormLen
00101918 00000114 T ft_corner_orientation
00101a2c 00000090 T ft_corner_is_flat
00101abc 00000044 T FT_GlyphLoader_New
00101b00 00000038 T FT_GlyphLoader_Rewind
00101b38 000000ec T FT_GlyphLoader_Reset
00101c24 000000f8 t ft_glyphslot_done
00101d1c 000002b4 t destroy_face
00101fd0 00000238 t FT_Remove_Module.part.31
00102208 00000104 T FT_GlyphLoader_Done
0010230c 000000e0 T FT_GlyphLoader_CreateExtra
001023ec 0000012c T FT_GlyphLoader_CheckSubGlyphs
00102518 0000007c T FT_GlyphLoader_Prepare
00102594 00000234 T FT_GlyphLoader_Add
001027c8 00000060 T ft_service_list_lookup
00102828 00000018 T ft_validator_init
00102840 00000008 T ft_validator_run
00102848 00000014 T ft_validator_error
0010285c 00000118 T FT_Stream_New
00102974 00000044 T FT_Stream_Free
001029b8 00000064 T ft_glyphslot_free_bitmap
00102a1c 00000058 T ft_glyphslot_set_bitmap
00102a74 000000b0 T ft_glyphslot_alloc_bitmap
00102b24 0000016c T FT_New_GlyphSlot
00102c90 00000094 T FT_Done_GlyphSlot
00102d24 000000b4 T FT_Set_Transform
00102dd8 00000100 T FT_Attach_File
00102ed8 00000194 T FT_Attach_Stream
0010306c 00000020 T FT_Reference_Face
0010308c 000000d4 T FT_Done_Face
00103160 00000180 T FT_New_Size
001032e0 00000138 T FT_Done_Size
00103418 00000130 T FT_Match_Size
00103548 00000070 T ft_synthesize_vertical_metrics
001035b8 00000148 T FT_Select_Metrics
00103700 00000154 t FT_Request_Size.part.8
00103854 0000038c T FT_Request_Metrics
00103be0 0000006c T FT_Select_Size
00103c4c 00000090 T FT_Request_Size
00103cdc 000000c8 T FT_Set_Char_Size
00103da4 000000d4 T FT_Set_Pixel_Sizes
00103e78 00000128 T FT_Get_Kerning
00103fa0 00000080 T FT_Get_Track_Kerning
00104020 00000110 T FT_Select_Charmap
00104130 000000e8 T FT_Set_Charmap
00104218 0000006c T FT_Get_Charmap_Index
00104284 00000048 T FT_Get_Char_Index
001042cc 000000c4 T FT_Get_First_Char
00104390 00000098 T FT_Get_Next_Char
00104428 00000110 T FT_Face_GetCharVariantIndex
00104538 000000e8 T FT_Face_GetCharVariantIsDefault
00104620 000000e0 T FT_Face_GetVariantSelectors
00104700 000000e8 T FT_Face_GetVariantsOfChar
001047e8 000000e8 T FT_Face_GetCharsOfVariant
001048d0 000000ac T FT_Get_Name_Index
0010497c 000000ec T FT_Get_Glyph_Name
00104a68 00000088 T FT_Get_Postscript_Name
00104af0 0000006c T FT_Get_Sfnt_Table
00104b5c 00000084 T FT_Load_Sfnt_Table
00104be0 0000008c T FT_Sfnt_Table_Info
00104c6c 00000080 T FT_Get_CMap_Language_ID
00104cec 0000007c T FT_Get_CMap_Format
00104d68 0000003c T FT_Activate_Size
00104da4 00000064 T FT_Lookup_Renderer
00104e08 00000050 T FT_Get_Renderer
00104e58 00000100 T FT_Set_Renderer
00104f58 000000f8 T FT_Render_Glyph_Internal
00105050 00000030 T FT_Render_Glyph
00105080 0000006c T FT_Get_Module
001050ec 00000070 T FT_Get_Module_Interface
0010515c 00000084 T ft_module_get_service
001051e0 00000024 T FT_Remove_Module
00105204 000000f4 T FT_Property_Set
001052f8 000000f4 T FT_Property_Get
001053ec 0000001c T FT_Reference_Library
00105408 0000007c T FT_New_Library
00105484 00000038 T FT_Library_Version
001054bc 000001cc T FT_Done_Library
00105688 0000002c T FT_Set_Debug_Hook
001056b4 000000d4 T FT_Get_TrueType_Engine_Type
00105788 00000094 T FT_Get_SubGlyph_Info
0010581c 00000410 T FT_Outline_Decompose
00105c2c 000000a8 T FT_Outline_Check
00105cd4 000000a8 T FT_Outline_Copy
00105d7c 000000ac T FT_Outline_Done_Internal
00105e28 000000c0 T FT_Outline_Done
00105ee8 0000009c T FT_Outline_Get_CBox
00105f84 00000054 T FT_Outline_Translate
00105fd8 000000cc T FT_Outline_Reverse
001060a4 000000d0 T FT_Outline_Render
00106174 000000dc T FT_Outline_Get_Bitmap
00106250 000000a8 T FT_Vector_Transform
001062f8 000000e8 T FT_Outline_Transform
001063e0 000006b4 t FT_Load_Glyph.part.20
00106a94 00000020 T FT_Load_Glyph
00106ab4 0000039c t FT_Get_Advances.part.21
00106e50 00000078 T FT_Get_Advances
00106ec8 00000300 T FT_Get_Advance
001071c8 00000064 T FT_Load_Char
0010722c 0000014c T FT_Outline_Get_Orientation
00107378 000003e4 T FT_Outline_EmboldenXY
0010775c 00000008 T FT_Outline_Embolden
00107764 00000118 T FT_Raccess_Guess
0010787c 00000024 T FT_Get_Sfnt_Name_Count
001078a0 00000018 T FT_Stream_OpenMemory
001078b8 00000018 T FT_Stream_Close
001078d0 0000004c T FT_Stream_Seek
0010791c 00000064 T FT_Stream_Skip
00107980 00000008 T FT_Stream_Pos
00107988 00000084 T FT_Stream_Read
00107a0c 00000080 T FT_Stream_ReadAt
00107a8c 00000070 T FT_Stream_TryRead
00107afc 00000140 T FT_Stream_ExtractFrame
00107c3c 00000040 T FT_Stream_ReleaseFrame
00107c7c 00000120 T FT_Stream_EnterFrame
00107d9c 00000044 T FT_Stream_ExitFrame
00107de0 00000024 T FT_Stream_GetChar
00107e04 00000030 T FT_Stream_GetUShort
00107e34 00000030 T FT_Stream_GetUShortLE
00107e64 0000003c T FT_Stream_GetUOffset
00107ea0 00000044 T FT_Stream_GetULong
00107ee4 00000044 T FT_Stream_GetULongLE
00107f28 00000090 T FT_Stream_ReadChar
00107fb8 00000098 T FT_Stream_ReadUShort
00108050 00000270 T FT_Raccess_Get_HeaderInfo
001082c0 00000098 T FT_Stream_ReadUShortLE
00108358 000000a4 T FT_Stream_ReadUOffset
001083fc 000000ac T FT_Stream_ReadULong
001084a8 000001fc t raccess_guess_apple_generic.isra.15
001086a4 000001a4 t raccess_guess_linux_netatalk
00108848 0000018c t raccess_guess_darwin_ufs_export
001089d4 00000184 t raccess_guess_linux_double
00108b58 00000210 t raccess_guess_apple_single
00108d68 00000210 t raccess_guess_apple_double
00108f78 000000ac T FT_Stream_ReadULongLE
00109024 00000274 T FT_Stream_ReadFields
00109298 000000cc T FT_Cos
00109364 000000cc T FT_Sin
00109430 000000d8 T FT_Tan
00109508 00000068 T FT_Atan2
00109570 000000e8 T FT_Vector_Unit
00109658 00000248 T FT_Vector_Rotate
001098a0 00000148 T FT_Vector_Length
001099e8 00000150 T FT_Vector_Polarize
00109b38 00000234 T FT_Vector_From_Polar
00109d6c 0000003c T FT_Angle_Diff
00109da8 00000060 T ft_mem_alloc
00109e08 00000310 T FT_Add_Module
0010a118 00000044 T ft_mem_qalloc
0010a15c 00000104 T ft_mem_realloc
0010a260 00000228 T FT_GlyphLoader_CheckPoints
0010a488 00000134 T FT_CMap_Done
0010a5bc 0000016c T FT_CMap_New
0010a728 00000164 T FT_Outline_New_Internal
0010a88c 0000057c T FT_Raccess_Get_DataOffsets
0010ae08 000009d8 t IsMacResource
0010b7e0 00000928 T FT_Open_Face
0010c108 00000040 T FT_New_Face
0010c148 00000050 T FT_New_Memory_Face
0010c198 00000158 t open_face_from_buffer
0010c2f0 000005b8 t open_face_PS_from_sfnt_stream.isra.29
0010c8a8 00000150 T FT_Get_Sfnt_Name
0010c9f8 00000144 T FT_Outline_New
0010cb3c 00000368 T FT_GlyphLoader_CopyPoints
0010cea4 00000120 T ft_mem_qrealloc
0010cfc4 00000010 T ft_mem_free
0010cfd4 00000070 T ft_mem_dup
0010d044 0000008c T ft_mem_strdup
0010d0d0 00000064 T ft_mem_strcpyn
0010d134 00000044 T FT_List_Find
0010d178 00000034 T FT_List_Add
0010d1ac 00000034 T FT_List_Insert
0010d1e0 00000030 T FT_List_Remove
0010d210 00000044 T FT_List_Up
0010d254 00000054 T FT_List_Iterate
0010d2a8 00000090 T FT_List_Finalize
0010d338 00000034 t tt_get_kerning
0010d36c 0000011c t tt_face_get_location
0010d488 00000090 t TT_Load_Glyph_Header
0010d518 00000020 t tt_size_init
0010d538 00000010 t tt_driver_init
0010d548 00000004 t tt_driver_done
0010d54c 00000008 t Current_Ppem
0010d554 0000000c t Read_CVT
0010d560 0000000c t Write_CVT
0010d56c 00000014 t Move_CVT
0010d580 00000024 t Direct_Move_X
0010d5a4 00000028 t Direct_Move_Y
0010d5cc 00000014 t Direct_Move_Orig_X
0010d5e0 00000018 t Direct_Move_Orig_Y
0010d5f8 00000018 t Round_None
0010d610 000000f0 t SetSuperRound
0010d700 00000044 t Project
0010d744 00000044 t Dual_Project
0010d788 00000008 t Project_x
0010d790 00000008 t Project_y
0010d798 0000017c t Compute_Funcs
0010d914 00000058 t Ins_WCVTF
0010d96c 000000a0 t Ins_NPUSHW
0010da0c 0000019c t Ins_MD
0010dba8 000002cc t Ins_MIRP
0010de74 00000114 t Ins_ALIGNRP
0010df88 000000b0 t Ins_ALIGNPTS
0010e038 00000124 t Ins_DELTAP
0010e15c 00000048 t TT_Access_Glyph_Frame
0010e1a4 00000008 t TT_Forget_Glyph_Frame
0010e1ac 0000007c t Direct_Move_Orig
0010e228 0000009c t Direct_Move
0010e2c4 000002ac t Ins_ISECT
0010e570 00000168 t Compute_Point_Displacement
0010e6d8 000000d4 t Move_CVT_Stretched
0010e7ac 000004cc t TT_Load_Simple_Glyph
0010ec78 0000000c t tt_slot_init
0010ec84 00000170 t tt_face_done
0010edf4 0000048c t TT_Get_MM_Var
0010f280 000002bc t TT_Load_Composite_Glyph
0010f53c 0000002c t tt_property_get
0010f568 00000048 t tt_property_set
0010f5b0 0000002c t Round_To_Grid
0010f5dc 00000038 t Round_To_Half_Grid
0010f614 00000024 t Round_Down_To_Grid
0010f638 0000002c t Round_Up_To_Grid
0010f664 0000002c t Round_To_Double_Grid
0010f690 0000006c t Round_Super
0010f6fc 00000068 t Round_Super_45
0010f764 00000064 t Ins_JMPR.isra.18
0010f7c8 00000060 t Ins_SZP0.isra.42
0010f828 00000060 t Ins_SZP1.isra.43
0010f888 00000060 t Ins_SZP2.isra.44
0010f8e8 000000b8 t Ins_SZPS.isra.45
0010f9a0 0000027c t Ins_MDRP.isra.49
0010fc1c 00000188 t _iup_worker_interpolate
0010fda4 000000fc t ft_var_apply_tuple.isra.54
0010fea0 000008d8 t TT_Vary_Apply_Glyph_Deltas
00110778 000004b8 t tt_face_vary_cvt
00110c30 000000fc t tt_face_load_cvt
00110d2c 0000054c t TT_Set_MM_Blend
00111278 000004a4 t TT_Set_Var_Design
0011171c 00000d8c t tt_face_init
001124a8 00000074 t tt_get_interface
0011251c 0000006c t Ins_MINDEX.isra.59
00112588 00000030 t Ins_DIV.isra.60
001125b8 0000014c t tt_get_advances
00112704 000000f0 t Ins_SxVTL
001127f4 00000140 t tt_get_metrics
00112934 000000b4 t Ins_ELSE
001129e8 000000e0 t Ins_IF.isra.17
00112ac8 00000138 t Ins_SHP
00112c00 000000c4 t Current_Ppem_Stretched
00112cc4 000000c8 t Read_CVT_Stretched
00112d8c 000000cc t Write_CVT_Stretched
00112e58 00000178 t tt_size_done
00112fd0 000001d8 t tt_size_select
001131a8 00000414 t tt_size_request
001135bc 000001b8 t Ins_SHC.isra.55
00113774 00000140 t Ins_CALL.isra.20
001138b4 00003014 T TT_RunIns
001168c8 00001324 t load_truetype_glyph
00117bec 0000012c T TT_New_Context
00117d18 000016bc t tt_glyph_load
001193d4 000000e8 t T1_Get_Multi_Master
001194bc 000000bc t T1_Set_MM_Blend
00119578 0000002c t parse_buildchar
001195a4 00000010 t parse_private
001195b4 00000010 t T1_GlyphSlot_Done
001195c4 00000008 t T1_Driver_Init
001195cc 00000004 t T1_Driver_Done
001195d0 00000008 t t1_get_ps_name
001195d8 00000024 t t1_ps_get_font_info
001195fc 00000010 t t1_ps_get_font_extra
0011960c 00000008 t t1_ps_has_glyph_names
00119614 00000020 t t1_ps_get_font_private
00119634 00000030 t compare_kern_pairs
00119664 0000004c t T1_GlyphSlot_Init
001196b0 0000050c t t1_allocate_blend
00119bbc 00000118 t parse_weight_vector
00119cd4 00000174 t parse_blend_design_positions
00119e48 000001b8 t parse_blend_design_map
0011a000 000004ac t parse_encoding
0011a4ac 00000620 t T1_Load_Glyph
0011aacc 0000005c t t1_get_name_index
0011ab28 0000012c t parse_blend_axis_types
0011ac54 00000774 t t1_ps_get_font_value
0011b3c8 00000108 t t1_parse_font_matrix
0011b4d0 0000000c t Get_Interface
0011b4dc 000000cc t T1_Get_Track_Kerning
0011b5a8 00000020 t t1_get_glyph_name
0011b5c8 000000b8 t Get_Kerning
0011b680 000000a0 t T1_Size_Request
0011b720 00000098 t t1_get_index
0011b7b8 00000174 t T1_Done_Blend.isra.4
0011b92c 00000198 t T1_Face_Done
0011bac4 00000440 t T1_Read_Metrics
0011bf04 00000604 t T1_Get_MM_Var
0011c508 00000084 t T1_Size_Init
0011c58c 0000006c t T1_Size_Done
0011c5f8 000000e0 t check_type1_format
0011c6d8 00000320 t parse_subrs
0011c9f8 00000180 t T1_Parse_Glyph
0011cb78 00000264 t T1_Compute_Max_Advance
0011cddc 00000734 t parse_charstrings
0011d510 0000027c t T1_Get_Advances
0011d78c 000001e0 t T1_Set_MM_Design
0011d96c 00000068 t T1_Set_Var_Design
0011d9d4 00000664 t parse_dict
0011e038 00000b4c t T1_Open_Face
0011eb84 0000044c t T1_Face_Init
0011efd0 00000034 t cff_get_kerning
0011f004 00000014 t cff_ps_has_glyph_names
0011f018 00000034 t cff_get_is_cid
0011f04c 00000050 t cff_get_cid_from_glyph_index
0011f09c 00000010 t cff_slot_done
0011f0ac 00000060 t cff_driver_init
0011f10c 00000004 t cff_driver_done
0011f110 0000001c t cff_cmap_encoding_init
0011f12c 0000000c t cff_cmap_encoding_done
0011f138 00000018 t cff_cmap_encoding_char_index
0011f150 00000068 t cff_cmap_encoding_char_next
0011f1b8 00000054 t cff_cmap_unicode_init
0011f20c 00000014 t cff_cmap_unicode_char_index
0011f220 00000014 t cff_cmap_unicode_char_next
0011f234 00000004 t cf2_free_instance
0011f238 00000130 t cf2_hintmap_map
0011f368 000002a4 t cf2_hintmap_insertHint
0011f60c 00000050 t cff_slot_init
0011f65c 000003c4 t cff_parse_real
0011fa20 00000028 t cff_cmap_unicode_done
0011fa48 00000090 t cff_get_cmap_info
0011fad8 00000060 t cff_get_ps_name
0011fb38 000000bc t cff_get_name_index
0011fbf4 00000060 t cff_index_get_sid_string
0011fc54 00000134 t cff_size_select
0011fd88 000001c0 t cf2_hint_init.isra.47
0011ff48 00000228 t cf2_computeDarkening.part.60
00120170 000000b4 t cff_property_get
00120224 00000124 t cff_property_set
00120348 00000064 t cff_get_interface
001203ac 00000124 t cff_builder_start_point.part.56
001204d0 000000e0 t cf2_builder_lineTo
001205b0 00000160 t cf2_builder_cubeTo
00120710 000000f4 t cff_parse_num
00120804 00000144 t do_fixed
00120948 00000084 t cff_parse_font_bbox
001209cc 000000d4 t cf2_builder_moveTo
00120aa0 00000074 t cff_sid_to_glyph_name
00120b14 0000009c t cff_get_glyph_name
00120bb0 00000128 t cff_parse_private_dict
00120cd8 000002e0 t cff_parse_cid_ros
00120fb8 000002a4 t cff_parse_font_matrix
0012125c 00000210 t cf2_glyphpath_hintPoint
0012146c 0000053c t cf2_glyphpath_pushPrevElem
001219a8 0000012c t cff_get_ros
00121ad4 00000b54 t cff_size_init
00122628 00000090 t cff_size_done
001226b8 0000017c t cff_size_request
00122834 00000368 t cff_face_done
00122b9c 00000e58 t cf2_hintmap_build
001239f4 000004a8 t cf2_glyphpath_lineTo
00123e9c 000006e4 t cf2_glyphpath_curveTo
00124580 0000031c t cf2_doStems.isra.61.constprop.76
0012489c 00000b64 t cf2_doFlex
00125400 00000990 t cf2_glyphpath_closeOpenPath.part.62
00125d90 00000254 t cff_index_access_element
00125fe4 00000118 t cf2_getSeacComponent.isra.52
001260fc 000002a4 t cff_index_get_name
001263a0 00001790 t cff_face_init
00127b30 00000288 t cff_ps_get_font_info
00127db8 0000373c t cf2_interpT2CharString
0012b4f4 00000c20 t cf2_decoder_parse_charstrings
0012c114 00000ce0 t cff_slot_load
0012cdf4 00000050 t cff_glyph_load
0012ce44 000002b4 t cff_get_advances
0012d0f8 00000054 t parse_expansion_factor
0012d14c 00000010 t cid_slot_done
0012d15c 00000008 t cid_driver_init
0012d164 00000004 t cid_driver_done
0012d168 0000001c t cid_get_postscript_name
0012d184 00000024 t cid_ps_get_font_info
0012d1a8 00000014 t cid_ps_get_font_extra
0012d1bc 0000002c t cid_get_ros
0012d1e8 00000014 t cid_get_is_cid
0012d1fc 00000010 t cid_get_cid_from_glyph_index
0012d20c 0000004c t cid_slot_init
0012d258 000003ec t cid_load_glyph
0012d644 000003ec t cid_slot_load_glyph
0012da30 00000150 t cid_face_done
0012db80 00000130 t cid_parse_font_matrix
0012dcb0 000000a4 t parse_fd_array
0012dd54 0000000c t cid_get_interface
0012dd60 0000007c t cid_size_request
0012dddc 00000eb0 t cid_face_init
0012ec8c 0000006c t cid_size_done
0012ecf8 00000090 t cid_size_init
0012ed88 00000060 t pfr_cmap_init
0012ede8 00000010 t pfr_cmap_done
0012edf8 00000074 t pfr_cmap_char_index
0012ee6c 0000009c t pfr_cmap_char_next
0012ef08 00000298 t pfr_face_get_kerning
0012f1a0 000000c8 t pfr_extra_item_load_stem_snaps
0012f268 00000220 t pfr_extra_item_load_bitmap_info
0012f488 00000050 t pfr_slot_done
0012f4d8 000000fc t pfr_face_done
0012f5d4 0000003c t pfr_slot_init
0012f610 00000190 t pfr_extra_item_load_kerning_pairs
0012f7a0 00000078 t pfr_extra_item_load_font_id
0012f818 000000ec t pfr_aux_name_load
0012f904 0000000c t pfr_get_service
0012f910 0000007c t pfr_get_metrics
0012f98c 00000048 t pfr_get_advance
0012f9d4 00000cc8 t pfr_glyph_load_rec
0013069c 00000a5c t pfr_slot_load
001310f8 000002d8 t pfr_get_kerning
001313d0 00000cd0 t pfr_face_init
001320a0 00000004 t T42_Driver_Done
001320a4 00000008 t t42_get_ps_font_name
001320ac 00000024 t t42_ps_get_font_info
001320d0 00000010 t t42_ps_get_font_extra
001320e0 00000008 t t42_ps_has_glyph_names
001320e8 00000020 t t42_ps_get_font_private
00132108 00000054 t T42_Size_Select
0013215c 00000054 t T42_Size_Request
001321b0 00000008 t T42_GlyphSlot_Done
001321b8 0000004c t T42_GlyphSlot_Init
00132204 00000038 t T42_Size_Done
0013223c 00000038 t T42_Size_Init
00132274 00000128 t T42_Face_Done
0013239c 00000030 t T42_Driver_Init
001323cc 00000074 t t42_get_name_index
00132440 00000488 t t42_parse_sfnts
001328c8 000000f8 t t42_parse_font_matrix
001329c0 0000000c t T42_Get_Interface
001329cc 00000020 t t42_get_glyph_name
001329ec 00000494 t t42_parse_charstrings
00132e80 00000450 t t42_parse_encoding
001332d0 00000154 t T42_GlyphSlot_Load
00133424 00000ad4 t T42_Face_Init
00133ef8 0000002c t fnt_cmap_init
00133f24 0000001c t fnt_cmap_char_index
00133f40 0000003c t fnt_cmap_char_next
00133f7c 00000020 t winfnt_get_header
00133f9c 00000048 t FNT_Size_Select
00133fe4 0000021c t FNT_Load_Glyph
00134200 0000000c t winfnt_get_service
0013420c 000000c4 t FNT_Size_Request
001342d0 00000078 t FNT_Face_Done
00134348 000000c4 t fnt_font_load
0013440c 00000bd0 t FNT_Face_Init
00134fdc 00000020 t pcf_cmap_init
00134ffc 00000010 t pcf_cmap_done
0013500c 00000080 t pcf_cmap_char_index
0013508c 00000090 t pcf_cmap_char_next
0013511c 0000001c t pcf_get_charset_id
00135138 00000044 t PCF_Size_Select
0013517c 000002cc t PCF_Glyph_Load
00135448 00000144 t PCF_Face_Done
0013558c 0000000c t pcf_driver_requester
00135598 00000074 t pcf_find_property.isra.1
0013560c 00000094 t pcf_get_metric
001356a0 000000c8 t PCF_Size_Request
00135768 000000a0 t pcf_get_bdf_property
00135808 000001f8 t pcf_get_accel
00135a00 000015d0 t pcf_load_font
00136fd0 000001bc t PCF_Face_Init
0013718c 00000024 t by_encoding
001371b0 00000024 t bdf_cmap_init
001371d4 00000010 t bdf_cmap_done
001371e4 00000084 t bdf_cmap_char_index
00137268 00000098 t bdf_cmap_char_next
00137300 0000001c t bdf_get_charset_id
0013731c 00000044 t BDF_Size_Select
00137360 0000013c t BDF_Glyph_Load
0013749c 0000000c t bdf_driver_requester
001374a8 000000e0 t _bdf_atos.constprop.8
00137588 000000b8 t _bdf_atous.constprop.9
00137640 000000dc t _bdf_atol.constprop.10
0013771c 000000c0 t _bdf_atoul.constprop.11
001377dc 000000cc t BDF_Size_Request
001378a8 00000310 t bdf_free_font
00137bb8 00000094 t BDF_Face_Done
00137c4c 00000454 t _bdf_list_split
001380a0 000000e0 t bdf_get_font_property
00138180 00000100 t bdf_get_bdf_property
00138280 00000eec t BDF_Face_Init
0013916c 00000f14 t _bdf_parse_glyphs
0013a080 00000274 t hash_insert
0013a2f4 00000ac0 t _bdf_add_property.isra.5
0013adb4 00000f64 t _bdf_parse_start
0013bd18 00000684 t _bdf_parse_properties
0013c39c 0000000c t tt_cmap_init
0013c3a8 00000018 t tt_cmap0_char_index
0013c3c0 0000003c t tt_cmap0_char_next
0013c3fc 00000024 t tt_cmap0_get_info
0013c420 00000158 t tt_cmap2_char_next
0013c578 00000024 t tt_cmap2_get_info
0013c59c 00000038 t tt_cmap4_init
0013c5d4 0000014c t tt_cmap4_set_range
0013c720 000000e0 t tt_cmap4_next
0013c800 000005ec t tt_cmap4_char_map_binary
0013cdec 00000024 t tt_cmap4_get_info
0013ce10 00000044 t tt_cmap6_char_index
0013ce54 000000c4 t tt_cmap6_char_next
0013cf18 00000024 t tt_cmap6_get_info
0013cf3c 000000d8 t tt_cmap8_char_index
0013d014 00000188 t tt_cmap8_char_next
0013d19c 00000038 t tt_cmap8_get_info
0013d1d4 0000007c t tt_cmap10_char_index
0013d250 000000d8 t tt_cmap10_char_next
0013d328 00000038 t tt_cmap10_get_info
0013d360 0000003c t tt_cmap12_init
0013d39c 00000140 t tt_cmap12_next
0013d4dc 000001c0 t tt_cmap12_char_map_binary
0013d69c 00000024 t tt_cmap12_char_index
0013d6c0 00000038 t tt_cmap12_get_info
0013d6f8 0000003c t tt_cmap13_init
0013d734 000000f0 t tt_cmap13_next
0013d824 000001a0 t tt_cmap13_char_map_binary
0013d9c4 00000024 t tt_cmap13_char_index
0013d9e8 00000038 t tt_cmap13_get_info
0013da20 00000040 t tt_cmap14_init
0013da60 00000008 t tt_cmap14_char_index
0013da68 0000000c t tt_cmap14_char_next
0013da74 00000014 t tt_cmap14_get_info
0013da88 0000000c t tt_get_cmap_info
0013da94 00000214 t tt_face_get_kerning
0013dca8 0000002c t compare_offsets
0013dcd4 000000a0 t get_sfnt_table
0013dd74 000002f8 t tt_sbit_decoder_load_byte_aligned
0013e06c 00000268 t tt_sbit_decoder_load_bit_aligned
0013e2d4 0000025c t tt_cmap2_validate
0013e530 00000480 t tt_cmap4_validate
0013e9b0 000000c8 t tt_cmap6_validate
0013ea78 0000031c t tt_cmap8_validate
0013ed94 000000f0 t tt_cmap10_validate
0013ee84 00000200 t tt_cmap12_validate
0013f084 000001f0 t tt_cmap13_validate
0013f274 000003b8 t tt_cmap14_validate
0013f62c 000000b8 t tt_name_entry_ascii_from_other
0013f6e4 000000d0 t tt_name_entry_ascii_from_utf16
0013f7b4 00000038 t tt_cmap14_done
0013f7ec 000000cc t tt_face_free_ps_names
0013f8b8 00000080 t tt_face_free_name
0013f938 00000028 t sfnt_stream_close
0013f960 0000000c t sfnt_get_interface
0013f96c 00000258 t tt_face_load_kern
0013fbc4 00000028 t tt_face_free_sbit
0013fbec 000001ac t sfnt_done_face
0013fd98 00000060 t tt_face_goto_table
0013fdf8 00000068 t tt_face_load_hmtx
0013fe60 0000016c t tt_face_get_metrics
0013ffcc 0000013c t tt_face_load_gasp
00140108 000002a0 t tt_face_get_name
001403a8 000000ac t tt_face_load_any
00140454 0000000c t tt_face_set_sbit_strike
00140460 000002a4 t tt_face_load_sbit
00140704 00000044 t tt_face_load_pclt
00140748 000001a8 t tt_face_load_name
001408f0 00000044 t tt_face_load_post
00140934 000000f4 t tt_face_load_maxp
00140a28 00000080 t tt_face_load_hhea
00140aa8 0000029c t tt_face_build_cmaps
00140d44 00000b14 t sfnt_load_face
00141858 000002a0 t tt_cmap4_char_next
00141af8 0000005c t tt_cmap12_char_next
00141b54 0000005c t tt_cmap13_char_next
00141bb0 00000078 t sfnt_table_info
00141c28 000000b0 t tt_cmap0_validate
00141cd8 0000004c t tt_face_load_cmap
00141d24 000001f4 t tt_face_load_strike_metrics
00141f18 00000500 t load_post_names
00142418 00000180 t sfnt_get_glyph_name
00142598 00000270 t sfnt_get_ps_name
00142808 000003d8 t tt_face_load_font_dir
00142be0 000000f8 t tt_face_load_os2
00142cd8 00000b64 t sfnt_init_face
0014383c 00000044 t tt_face_load_head
00143880 00000044 t tt_face_load_bhed
001438c4 000000fc t tt_cmap2_char_index
001439c0 000003cc t tt_face_find_bdf_prop
00143d8c 000000c0 t tt_cmap14_variants
00143e4c 000000e0 t tt_cmap14_get_nondef_chars
00143f2c 0000016c t tt_face_get_ps_name
00144098 00000130 t tt_cmap14_get_def_chars
001441c8 0000045c t tt_cmap14_variant_chars
00144624 000001b4 t sfnt_get_name_index
001447d8 00000194 t tt_cmap4_char_index
0014496c 000002b8 t tt_cmap14_char_var_isdefault
00144c24 00000308 t tt_cmap14_char_variants
00144f2c 000002cc t tt_cmap14_char_var_index
001451f8 000003a0 t sfnt_get_charset_id
00145598 000008a8 t tt_sbit_decoder_load_image
00145e40 0000044c t tt_face_load_sbit_image
0014628c 00000124 t tt_sbit_decoder_load_compound
001463b0 000001e4 t af_sort_and_quantize_widths
00146594 00000038 t af_dummy_hints_init
001465cc 00000294 t af_latin_hints_link_segments
00146860 0000009c t af_latin_hints_init
001468fc 0000008c t af_cjk_hints_init
00146988 00000020 t af_autofitter_init
001469a8 00000004 t af_autofitter_done
001469ac 00000800 t af_glyph_hints_reload
001471ac 000005f0 t af_latin_hints_compute_segments
0014779c 000001b8 t af_axis_hints_new_edge
00147954 0000009c t af_face_globals_free
001479f0 0000000c t af_get_interface
001479fc 0000030c t af_cjk_metrics_scale
00147d08 00000004 t af_indic_metrics_scale
00147d0c 000003d0 t af_latin_metrics_scale
001480dc 0000008c t af_indic_hints_init
00148168 000003f0 t af_cjk_metrics_init_widths
00148558 00000094 t af_dummy_hints_apply
001485ec 000003f0 t af_latin_metrics_init_widths
001489dc 000000ec t af_indic_metrics_init
00148ac8 000009cc t af_latin_metrics_init_blues
00149494 000000f0 t af_latin_metrics_init
00149584 00000524 t af_cjk_metrics_init_blues
00149aa8 000000f0 t af_cjk_metrics_init
00149b98 0000037c t af_face_globals_new
00149f14 000007fc t af_autofitter_load_glyph
0014a710 0000015c t af_property_set
0014a86c 00000194 t af_property_get
0014aa00 0000231c t af_latin_hints_apply
0014cd1c 00002358 t af_cjk_hints_apply
0014f074 00000004 t af_indic_hints_apply
0014f078 00000008 T af_get_coverage
0014f080 0000003c T af_get_char_index
0014f0bc 0000002c t t1_hints_open
0014f0e8 0000002c t t2_hints_open
0014f114 00000008 t pshinter_get_globals_funcs
0014f11c 00000008 t pshinter_get_t1_funcs
0014f124 00000008 t pshinter_get_t2_funcs
0014f12c 000000fc t ps_hinter_init
0014f228 0000002c t psh_globals_destroy
0014f254 00000130 t psh_blues_set_zones_0.isra.5
0014f384 000001b0 t psh_blues_set_zones
0014f534 00000270 t psh_globals_new
0014f7a4 00000138 t psh_hint_table_activate_mask.isra.9
0014f8dc 0000031c t psh_hint_table_find_strong_points.isra.12
0014fbf8 000003a0 t ps_mask_table_merge_all
0014ff98 00000620 t psh_hint_align
001505b8 00000078 t ps_hints_close
00150630 00000194 t ps_hints_t1reset
001507c4 000001d4 t ps_hinter_done
00150998 00000370 t psh_hint_table_init.isra.14
00150d08 0000022c t ps_dimension_set_mask_bits
00150f34 00000090 t ps_hints_t2counter
00150fc4 0000008c t ps_hints_t2mask
00151050 00000240 t ps_dimension_add_t1stem.constprop.30
00151290 0000024c t t2_hints_stems
001514dc 00000064 t t1_hints_stem
00151540 0000067c t ps_hints_t1stem3
00151bbc 00000490 t psh_globals_set_scale
0015204c 00001478 T ps_hints_apply
001534c4 00000088 t Split_Conic
0015354c 000000e8 t Split_Cubic
00153634 00000034 t Vertical_Sweep_Init
00153668 00000110 t Vertical_Sweep_Span
00153778 000001a8 t Vertical_Sweep_Drop
00153920 00000014 t Vertical_Sweep_Step
00153934 00000004 t Horizontal_Sweep_Init
00153938 00000088 t Horizontal_Sweep_Span
001539c0 000001e0 t Horizontal_Sweep_Drop
00153ba0 00000004 t Horizontal_Sweep_Step
00153ba4 00000004 t ft_black_reset
00153ba8 00000008 t ft_black_set_mode
00153bb0 0000002c t ft_raster1_init
00153bdc 00000014 t ft_raster1_set_mode
00153bf0 0000000c t ft_black_done
00153bfc 00000268 t ft_black_render
00153e64 00000040 t ft_black_new
00153ea4 00000040 t ft_raster1_get_cbox
00153ee4 000001f0 t ft_raster1_render
001540d4 00000054 t ft_raster1_transform
00154128 00000184 t gray_hline
001542ac 00000004 t gray_raster_reset
001542b0 00000008 t gray_raster_set_mode
001542b8 0000002c t ft_smooth_init
001542e4 00000014 t ft_smooth_set_mode
001542f8 0000000c t gray_raster_done
00154304 000000d8 t gray_render_span
001543dc 00000040 t gray_raster_new
0015441c 00000040 t ft_smooth_get_cbox
0015445c 00000334 t ft_smooth_render_lcd_v
00154790 00000138 t gray_convert_glyph_inner
001548c8 000006e8 t gray_raster_render
00154fb0 00000054 t ft_smooth_transform
00155004 00000144 t gray_set_cell
00155148 000003d0 t gray_render_scanline
00155518 00000178 t gray_move_to
00155690 0000061c t gray_render_line
00155cac 000002e4 t gray_cubic_to
00155f90 000001ac t gray_conic_to
0015613c 00000024 t gray_line_to
00156160 000002bc t ft_smooth_render
0015641c 00000348 t ft_smooth_render_lcd
00156764 00000014 t ftc_size_node_compare_faceid
00156778 00000014 t ftc_face_node_compare
0015678c 00000008 t ftc_cmap_node_weight
00156794 00000020 t ftc_cmap_node_remove_faceid
001567b4 00000034 t ftc_gnode_compare
001567e8 00000068 t ftc_inode_weight
00156850 00000048 t ftc_snode_weight
00156898 000000a0 t ftc_basic_family_compare
00156938 00000040 t ftc_basic_family_init
00156978 00000064 t ftc_cmap_node_new
001569dc 000001a8 t FTC_MruList_New
00156b84 00000010 t ftc_cmap_node_free
00156b94 00000010 t ftc_size_node_done
00156ba4 000001b0 t ftc_cache_resize
00156d54 00000104 t ftc_node_destroy
00156e58 00000124 t ftc_cache_done
00156f7c 00000048 t ftc_cache_init
00156fc4 00000050 t ftc_cmap_node_compare
00157014 00000094 t ftc_size_node_compare
001570a8 00000048 t ftc_face_node_init
001570f0 00000088 t ftc_gcache_init
00157178 00000248 t FTC_Cache_NewNode
001573c0 000000c0 t ftc_basic_family_get_count
00157480 00000174 t ftc_size_node_reset
001575f4 00000160 t ftc_basic_family_load_bitmap
00157754 00000190 t ftc_basic_family_load_glyph
001578e4 00000168 t ftc_size_node_init
00157a4c 0000007c t ftc_gcache_done
00157ac8 000003f0 t ftc_snode_new
00157eb8 00000320 t ftc_snode_compare
001581d8 000000d0 t ftc_inode_free
001582a8 000000c0 t ftc_basic_gnode_compare_faceid
00158368 00000140 t ftc_face_node_done
001584a8 000000e8 t ftc_snode_free
00158590 00000148 t ftc_inode_new
001586d8 00000154 T FTC_Manager_LookupSize
0015882c 000000c8 T FTC_Manager_LookupFace
001588f4 00000104 T FTC_Manager_New
001589f8 00000164 T FTC_Manager_Done
00158b5c 00000154 T FTC_Manager_Reset
00158cb0 000002b4 T FTC_Manager_RemoveFaceID
00158f64 00000028 T FTC_Node_Unref
00158f8c 000000fc T FTC_CMapCache_New
00159088 00000298 T FTC_CMapCache_Lookup
00159320 000000fc T FTC_ImageCache_New
0015941c 0000031c T FTC_ImageCache_Lookup
00159738 000003c4 T FTC_ImageCache_LookupScaler
00159afc 000000fc T FTC_SBitCache_New
00159bf8 000003a4 T FTC_SBitCache_Lookup
00159f9c 00000444 T FTC_SBitCache_LookupScaler
0015a3e0 00000004 t ft_gzip_free
0015a3e4 0000001c t ft_gzip_alloc
0015a400 0000007c t ft_gzip_stream_close
0015a47c 0000011c t ft_gzip_file_fill_output
0015a598 00000150 t ft_gzip_file_io
0015a6e8 00000008 t ft_gzip_stream_io
0015a6f0 0000058c T FT_Stream_OpenGzip
0015ac7c 00000108 T FT_Gzip_Uncompress
0015ad84 00000184 t ft_lzwstate_get_code
0015af08 000000a4 t ft_lzw_stream_close
0015afac 000001e8 T FT_Stream_OpenLZW
0015b194 0000002c T ft_lzwstate_reset
0015b1c0 0000006c T ft_lzwstate_init
0015b22c 00000070 T ft_lzwstate_done
0015b29c 000006d8 T ft_lzwstate_io
0015b974 000008b8 t ft_lzw_stream_io
0015c22c 00000238 t skip_literal_string
0015c464 0000004c t ps_parser_init
0015c4b0 00000004 t ps_parser_done
0015c4b4 0000002c t t1_builder_done
0015c4e0 000000c8 t t1_builder_close_contour
0015c5a8 0000002c t t1_decoder_done
0015c5d4 00000018 t t1_cmap_std_done
0015c5ec 00000038 t t1_cmap_standard_init
0015c624 00000038 t t1_cmap_expert_init
0015c65c 0000002c t t1_cmap_custom_init
0015c688 00000014 t t1_cmap_custom_done
0015c69c 00000034 t t1_cmap_custom_char_index
0015c6d0 00000080 t t1_cmap_custom_char_next
0015c750 0000000c t psaux_get_glyph_name
0015c75c 00000040 t t1_cmap_unicode_init
0015c79c 00000010 t t1_cmap_unicode_char_index
0015c7ac 00000010 t t1_cmap_unicode_char_next
0015c7bc 00000030 t afm_compare_kern_pairs
0015c7ec 000001cc t PS_Conv_Strtol
0015c9b8 00000050 t t1_decrypt
0015ca08 0000005c t ps_table_release
0015ca64 0000001c t afm_parser_done
0015ca80 00000028 t t1_cmap_unicode_done
0015caa8 000000a0 t ps_table_done
0015cb48 00000060 t afm_parser_init
0015cba8 000000dc t ps_table_new
0015cc84 00000068 t t1_builder_add_point
0015ccec 000000a8 t t1_builder_add_contour
0015cd94 000000b0 t t1_builder_init
0015ce44 00000090 t t1_lookup_glyph_by_stdcharcode
0015ced4 00000154 t ps_table_add
0015d028 0000008c t t1_cmap_std_char_index
0015d0b4 00000048 t t1_builder_check_points
0015d0fc 00000124 t t1_decoder_init
0015d220 000000b0 t t1_cmap_std_char_next
0015d2d0 000001c4 t PS_Conv_ToInt
0015d494 00000360 t PS_Conv_ToFixed
0015d7f4 000000d4 t afm_stream_read_string
0015d8c8 000000a4 t t1_builder_add_point1
0015d96c 00000134 t afm_parser_next_key.isra.1.constprop.9
0015daa0 000000e8 t afm_stream_read_one
0015db88 000001fc t afm_parser_read_vals.constprop.7
0015dd84 00000148 t t1_builder_start_point.part.4
0015decc 0000015c t t1_builder_start_point
0015e028 00000094 t ps_parser_skip_spaces
0015e0bc 000001f8 t skip_procedure
0015e2b4 00000338 t ps_parser_skip_PS_token
0015e5ec 000001a0 t ps_tofixedarray
0015e78c 00000098 t ps_parser_to_fixed
0015e824 000000b0 t ps_parser_to_fixed_array
0015e8d4 00000200 t ps_parser_to_bytes
0015ead4 0000025c t ps_parser_to_int
0015ed30 00000228 t ps_parser_to_coord_array
0015ef58 00001728 t t1_decoder_parse_charstrings
00160680 0000064c t ps_parser_to_token
00160ccc 000006d8 t ps_parser_to_token_array
001613a4 000006f8 t ps_parser_load_field
00161a9c 000001c8 t ps_parser_load_field_table
00161c64 0000117c t afm_parser_parse
00162de0 00000038 t compare_uni_maps
00162e18 000000b0 t ps_unicodes_char_index
00162ec8 000000d4 t ps_unicodes_char_next
00162f9c 0000002c t ps_get_macintosh_name
00162fc8 00000030 t ps_get_standard_strings
00162ff8 0000000c t psnames_get_service
00163004 00000164 t ft_get_adobe_glyph_index.part.0
00163168 00000234 t ps_unicode_value
0016339c 000004bc t ps_unicodes_init
00163858 00000024 t ft_ansi_stream_close
0016387c 0000005c t ft_ansi_stream_io
001638d8 00000008 t ft_alloc
001638e0 00000008 t ft_free
001638e8 0000000c t ft_realloc
001638f4 000000b0 T FT_Stream_Open
001639a4 00000044 T FT_New_Memory
001639e8 00000004 T FT_Done_Memory
001639ec 00000030 T FT_Bitmap_Init
00163a1c 00000030 T FT_Bitmap_New
00163a4c 000001ac T FT_Bitmap_Copy
00163bf8 00000524 T FT_Bitmap_Convert
0016411c 00000738 T FT_Bitmap_Embolden
00164854 000000b4 T FT_GlyphSlot_Own_Bitmap
00164908 0000005c T FT_Bitmap_Done
00164964 00000030 t ft_bitmap_glyph_bbox
00164994 00000038 t ft_outline_glyph_prepare
001649cc 00000028 t ft_bitmap_glyph_copy
001649f4 0000000c t ft_bitmap_glyph_done
00164a00 00000008 t ft_outline_glyph_bbox
00164a08 00000034 t ft_outline_glyph_transform
00164a3c 0000003c t ft_outline_glyph_copy
00164a78 0000005c t ft_outline_glyph_init
00164ad4 0000000c t ft_outline_glyph_done
00164ae0 0000009c t ft_bitmap_glyph_init
00164b7c 000000f4 T FT_Glyph_Copy
00164c70 00000120 T FT_Get_Glyph
00164d90 00000064 T FT_Glyph_Transform
00164df4 000000a4 T FT_Glyph_Get_CBox
00164e98 00000034 T FT_Done_Glyph
00164ecc 000002d8 T FT_Glyph_To_Bitmap
001651a4 00000090 T inflateResetKeep
00165234 0000009c T inflateReset
001652d0 00000120 T inflateReset2
001653f0 00000188 T inflateInit2_
00165578 00000164 T inflateInit_
001656dc 00000078 T inflatePrime
00165754 00001e9c T inflate
001675f0 00000064 T inflateEnd
00167654 00000098 T inflateGetDictionary
001676ec 000001a8 T inflateSetDictionary
00167894 0000003c T inflateGetHeader
001678d0 000002b8 T inflateSync
00167b88 00000040 T inflateSyncPoint
00167bc8 000001ac T inflateCopy
00167d74 00000030 T inflateUndermine
00167da4 00000058 T inflateMark
00167dfc 00000bf4 T inflate_table
001689f0 0000000c T zlibVersion
001689fc 00000008 T zlibCompileFlags
00168a04 00000014 T zError
00168a18 00000008 T zcalloc
00168a20 00000008 T zcfree
00168a28 00000448 T adler32
00168e70 000000bc T adler32_combine
00168f2c 000000bc T adler32_combine64
00168fe8 00000214 t crc32_combine_
001691fc 0000000c T get_crc_table
00169208 000003b0 T crc32
001695b8 00000004 T crc32_combine
001695bc 00000004 T crc32_combine64
001695c0 00000be4 T inflate_fast
0016a1a4 T initSystem
0016a1e8 T __ctru_exit
0016a208 t .udivsi3_skip_div0_test
0016a208 T __aeabi_uidiv
0016a208 000001ec T __udivsi3
0016a3f4 00000020 T __aeabi_uidivmod
0016a414 T __aeabi_idiv
0016a414 00000220 T __divsi3
0016a41c t .divsi3_skip_div0_test
0016a634 00000020 T __aeabi_idivmod
0016a654 00000004 W __aeabi_idiv0
0016a654 00000004 W __aeabi_ldiv0
0016a658 0000019c T __aeabi_frsub
0016a660 00000194 T __aeabi_fsub
0016a660 00000194 T __subsf3
0016a664 00000190 T __addsf3
0016a664 00000190 T __aeabi_fadd
0016a7f4 00000028 T __aeabi_ui2f
0016a7f4 00000028 T __floatunsisf
0016a7fc 00000020 T __aeabi_i2f
0016a7fc 00000020 T __floatsisf
0016a81c 0000008c T __aeabi_ul2f
0016a81c 0000008c T __floatundisf
0016a82c 0000007c T __aeabi_l2f
0016a82c 0000007c T __floatdisf
0016a8a8 T __aeabi_uldivmod
0016a8e4 00000128 T __udivmoddi4
0016aa0c 00000014 T setjmp
0016aa20 00000018 T longjmp
0016aa48 00000390 T strcmp
0016ade0 00000008 t null_write
0016ade8 00000018 T setDefaultDevice
0016ae00 000000bc T FindDevice
0016aebc 0000002c T RemoveDevice
0016aee8 00000098 T AddDevice
0016af80 00000024 T GetDeviceOpTab
0016afa4 0000007c T _close_r
0016b020 0000006c T _fstat_r
0016b08c 0000002c T _gettimeofday_r
0016b0b8 00000008 T _isatty_r
0016b0c0 00000078 T _lseek_r
0016b138 000000c8 T _open_r
0016b200 00000078 T _read_r
0016b278 00000070 T _sbrk_r
0016b2e8 00000078 T _write_r
0016b360 000001bc T _concatenate_path
0016b51c 00000154 T chdir
0016b670 000000a0 T getcwd
0016b710 00000008 T __flockfile
0016b718 00000008 T __funlockfile
0016b720 00000018 T __libc_lock_init
0016b738 00000018 T __libc_lock_acquire
0016b750 00000024 T __libc_lock_try_acquire
0016b774 00000018 T __libc_lock_release
0016b78c 00000018 T __libc_lock_close
0016b7a4 00000018 T __libc_lock_init_recursive
0016b7bc 00000018 T __libc_lock_acquire_recursive
0016b7d4 00000024 T __libc_lock_try_acquire_recursive
0016b7f8 00000018 T __libc_lock_release_recursive
0016b810 00000018 T __libc_lock_close_recursive
0016b828 00000044 T __free_handle
0016b86c 0000003c T __release_handle
0016b8a8 00000078 T __alloc_handle
0016b920 0000001c T __get_handle
0016b93c 000000a4 T dup
0016b9e0 0000010c T dup2
0016baec 00000028 T __getreent
0016bb14 000001d8 T setupTilteScreen
0016bcec 000000f0 T prepairGame
0016bddc 00000128 T getFinalScore
0016bf04 000001d4 T nextPlayer
0016c0d8 00000300 T rotate
0016c3d8 00000254 T legalMove
0016c62c 000011c8 T main
0016d7f4 0000011c t atlas_add_glyph
0016d910 00000054 t ftc_face_requester
0016d964 00000040 T sftd_init
0016d9a4 00000044 T sftd_fini
0016d9e8 000000c4 T sftd_load_font_mem
0016daac 00000050 T sftd_free_font
0016dafc 00000258 T sftd_draw_text
0016dd54 00000060 T sftd_draw_textf
0016ddb4 000001ac T sftd_get_text_width
0016df60 00000088 T texture_atlas_create
0016dfe8 0000002c T texture_atlas_free
0016e014 00000114 T texture_atlas_insert
0016e128 00000018 T texture_atlas_exists
0016e140 00000070 T texture_atlas_get
0016e1b0 0000004c T bp2d_create
0016e1fc 00000034 T bp2d_free
0016e230 0000015c T bp2d_insert
0016e38c 0000003c T int_htab_create
0016e3c8 0000004c T int_htab_free
0016e414 000000f8 T int_htab_insert
0016e50c 00000068 T int_htab_resize
0016e574 000000a0 T int_htab_find
0016e614 0000028c t TT_Hint_Glyph
0016e8a0 0000017c t ft_var_readpackedpoints
0016ea1c 00000134 t ft_var_readpackeddeltas
0016eb50 00000054 t Ins_Goto_CodeRange.part.4
0016eba4 00000144 t tt_delta_interpolate.part.52
0016ece8 000003a4 t tt_size_run_prep
0016f08c 000000c8 t cff_charset_compute_cids
0016f154 00000344 t cff_index_get_pointers
0016f498 00000274 t cff_parser_run
0016f70c 00000178 t cff_index_init
0016f884 00000270 t cff_subfont_load
0016faf4 00000034 t t42_is_space
0016fb28 0000018c t af_warper_compute_line_best
0016fcb4 0000033c t af_warper_compute
0016fff0 00000224 t af_glyph_hints_align_strong_points
00170214 00000090 t af_glyph_hints_scale_dim.isra.3
001702a4 00000230 t af_latin_compute_stem_width.isra.4
001704d4 00000054 t af_latin_align_linked_edge
00170528 000001bc t af_cjk_compute_stem_width.isra.6
001706e4 000001b0 t af_hint_normal_stem
00170894 000000e0 t af_iup_interp.part.11
00170974 000001f8 t af_glyph_hints_align_weak_points
00170b6c 000000d4 t New_Profile
00170c40 000000a8 t End_Profile
00170ce8 000000a4 t Insert_Y_Turn
00170d8c 00000208 t Bezier_Up
00170f94 00000094 t Bezier_Down
00171028 000001b4 t Conic_To
001711dc 000001dc t Cubic_To
001713b8 000000ac t Sort
00171464 000001d4 t Line_Up
00171638 00000250 t Line_To
00171888 00000ad8 t Render_Single_Pass
00172360 0000005c t ftc_sbit_copy_bitmap.isra.6
001723bc 00000048 T sf2d_fini
00172404 0000009c T sf2d_start_frame_target
001724a0 00000038 T sf2d_start_frame
001724d8 00000004 T sf2d_end_frame
001724dc 000000b0 T sf2d_swapbuffers
0017258c 00000010 T sf2d_set_vblank_wait
0017259c 00000010 T sf2d_get_fps
001725ac 00000040 T sf2d_pool_memalign
001725ec 00000038 T sf2d_set_clear_color
00172624 000001ac t sf2d_init_advanced.part.0
001727d0 00000028 T sf2d_init
001727f8 00000070 t sf2d_texture_tile32_hardware.part.7
00172868 00000114 T sf2d_create_texture
0017297c 0000009c T sf2d_create_rendertarget
00172a18 00000020 T sf2d_free_texture
00172a38 00000014 T sf2d_clear_target
00172a4c 000000ac T sf2d_fill_texture_from_RGBA8
00172af8 00000044 T sf2d_create_texture_mem_RGBA8
00172b3c 00000054 T sf2d_bind_texture
00172b90 00000060 T sf2d_bind_texture_color
00172bf0 00000008 T sf2d_texture_set_params
00172bf8 0000018c T sf2d_draw_texture_part
00172d84 0000016c T sf2d_draw_texture_part_scale_blend
00172ef0 0000008c T sf2d_set_pixel
00172f7c 00000114 T sf2d_texture_tile32
00173090 00000028 T AttrInfo_Init
001730b8 000000a4 T AttrInfo_AddLoader
0017315c 00000024 T C3D_GetAttrInfo
00173180 00000080 T C3Di_AttrInfoBind
00173200 00000088 t C3Di_AptEventHook
00173288 00000168 T C3D_Init
001733f0 00000098 T C3D_SetViewport
00173488 00000580 T C3Di_UpdateContext
00173a08 000000e0 T C3Di_FinalizeFrame
00173ae8 00000048 T C3D_Fini
00173b30 000000d4 T C3D_BindProgram
00173c04 00000020 T BufInfo_Init
00173c24 00000084 T BufInfo_Add
00173ca8 00000024 T C3D_GetBufInfo
00173ccc 00000048 T C3Di_BufInfoBind
00173d14 00000148 T C3D_DrawArrays
00173e5c 0000003c T C3D_DepthMap
00173e98 0000001c T C3D_CullFace
00173eb4 0000003c T C3D_StencilTest
00173ef0 00000024 T C3D_StencilOp
00173f14 0000001c T C3D_BlendingColor
00173f30 00000028 T C3D_DepthTest
00173f58 00000028 T C3D_AlphaTest
00173f80 00000050 T C3D_AlphaBlend
00173fd0 00000030 T C3D_FragOpMode
00174000 0000011c T C3Di_EffectBind
0017411c 000000b4 T C3D_ImmSendAttrib
001741d0 000000a4 T C3D_RenderBufInit
00174274 00000080 T C3D_RenderBufClearAsync
001742f4 00000028 T C3D_RenderBufTransferAsync
0017431c 00000038 T C3D_RenderBufBind
00174354 00000168 T C3Di_RenderBufBind
001744bc 00000018 T C3D_RenderBufDelete
001744d4 00000040 t C3Di_RenderQueueWaitDone
00174514 00000078 t performTransfer.part.0
0017458c 00000050 t transferTarget
001745dc 00000024 t onVBlank1
00174600 0000008c t onVBlank0
0017468c 0000003c t performClear.part.2
001746c8 0000004c t clearTarget
00174714 000000c0 t updateFrameQueue.part.4
001747d4 000000e0 t onRenderFinish
001748b4 00000018 t onClearDone.part.6
001748b4 00000018 t onTransferFinish.part.5
001748cc 000000b0 t onTransferFinish
0017497c 00000064 t onClearDone
001749e0 0000005c t checkRenderQueueInit.part.7
00174a3c 00000064 T C3D_FrameBegin
00174aa0 00000078 T C3D_FrameDrawOn
00174b18 000000d0 T C3D_FrameEnd
00174be8 000000e0 T C3D_RenderTargetCreate
00174cc8 0000007c T C3D_RenderTargetDelete
00174d44 00000084 t C3Di_RenderQueueExit
00174dc8 00000050 T C3D_RenderTargetSetClear
00174e18 00000058 T C3D_RenderTargetSetOutput
00174e70 00000088 T C3D_SafeDisplayTransfer
00174ef8 00000034 T TexEnv_Init
00174f2c 00000034 T C3D_GetTexEnv
00174f60 00000024 T C3Di_TexEnvBind
00174f84 000000b8 T C3D_TexInit
0017503c 000000b8 T C3D_TexInitVRAM
001750f4 00000024 T C3D_TexSetWrap
00175118 00000034 T C3D_TexBind
0017514c 0000003c T C3D_TexDelete
00175188 000002ac T C3D_UpdateUniforms
00175434 000000c0 T C3Di_DirtyUniforms
001754f4 000000e4 T C3Di_LoadShaderUniforms
001755d8 00000028 T C3Di_ClearShaderUniforms
00175600 000000c8 T Mtx_OrthoTilt
001756c8 00000024 t addrMapNodeComparator(rbtree_node const*, rbtree_node const*)
001756ec 00000004 t addrMapNodeDestructor(rbtree_node*)
001756f0 00000140 T linearMemAlign
00175830 00000008 T linearAlloc
00175838 00000050 T linearFree
00175888 000000a0 T MemPool::CoalesceRight(MemBlock*)
00175928 0000018c T MemPool::Allocate(MemChunk&, unsigned long, int)
00175ab4 00000104 T MemPool::Deallocate(MemChunk const&)
00175bb8 00000024 t addrMapNodeComparator(rbtree_node const*, rbtree_node const*)
00175bdc 00000004 t addrMapNodeDestructor(rbtree_node*)
00175be0 00000130 T vramMemAlign
00175d10 00000008 T vramAlloc
00175d18 00000050 T vramFree
00175d68 0000008c t gfxSetFramebufferInfo.part.0
00175df4 00000010 T gfxSet3D
00175e04 00000010 T gfxIs3D
00175e14 00000018 T __get_bytes_per_pixel
00175e2c 00000070 T gfxSetFramebufferInfo
00175e9c 00000088 T gfxWriteFramebufferInfo
00175f24 000001d0 T gfxInit
001760f4 00000010 T gfxInitDefault
00176104 000000e0 T gfxExit
001761e4 000000b0 T gfxGetFramebuffer
00176294 00000070 T gfxConfigScreen
00176304 00000058 t getSysTime
0017635c 0000004c T osConvertVirtToPhys
001763a8 00000024 T osGetMemRegionUsed
001763d0 000000f4 T __libctru_gtod
001764c8 00000078 T osGetTime
00176540 00000034 T __ctru_speedup_config
00176574 0000002c T GPUCMD_SetBuffer
001765a0 00000040 T GPUCMD_GetBuffer
001765e0 000000e4 T GPUCMD_Add
001766c4 00000098 T GPUCMD_Finalize
0017675c 00000040 T f32tof24
0017679c 00000040 T f32tof31
001767dc 00000054 T GX_ProcessCommandList
00176830 00000060 T GX_MemoryFill
00176890 00000050 T GX_DisplayTransfer
001768e0 00000054 T GX_FlushCacheRegions
00176934 0000023c T shaderInstanceInit
00176b70 00000038 T shaderInstanceFree
00176ba8 00000018 T shaderInstanceGetUniformLocation
00176bc0 00000018 T shaderProgramInit
00176bd8 00000030 T shaderProgramFree
00176c08 0000006c T shaderProgramSetVsh
00176c74 000008a4 T shaderProgramConfigure
00177518 0000003c T DVLB_Free
00177554 00000080 T DVLE_GetUniformRegister
001775d4 000001f0 T DVLE_GenerateOutmap
001777c4 000001d8 T DVLB_ParseFile
0017799c 00000004 W _aptDebug
001779a0 0000012c T aptSendCommand
00177acc 0000003c t aptExitProcess
00177b08 00000038 T aptHook
00177b40 0000002c T aptUnhook
00177b6c 0000004c T APT_InquireNotification
00177bb8 00000198 t aptEventHandler
00177d50 00000074 T APT_AppletUtility
00177dc4 000000b0 T aptSetSleepAllowed
00177e74 000000b4 T APT_GlanceParameter
00177f28 000000c0 T APT_ReceiveParameter
00177fe8 000000a8 t aptReceiveParameter.constprop.1
00178090 000001e0 t aptScreenTransfer
00178270 00000224 t aptWaitForWakeUp
00178494 00000070 T APT_CancelParameter
00178504 0000021c T aptInit
00178720 00000088 t aptClearParamQueue
001787a8 00000208 T aptMainLoop
001789b0 00000148 T aptExit
00178af8 00000070 T APT_CheckNew3DS
00178b68 00000154 t gspEventThreadMain
00178cbc 00000074 T gspInit
00178d30 0000003c T gspExit
00178d6c 0000002c T gspSetEventCallback
00178d98 00000084 T gspInitEventHandler
00178e1c 00000030 T gspExitEventHandler
00178e4c 00000044 T gspWaitForEvent
00178e90 00000064 T gspWaitForAnyEvent
00178ef4 00000128 T gspSubmitGxCommand
0017901c 0000006c T GSPGPU_SetBufferSwap
00179088 0000004c T GSPGPU_FlushDataCache
001790d4 00000034 T GSPGPU_SetLcdForceBlack
00179108 00000064 T GSPGPU_RegisterInterruptRelayQueue
0017916c 0000002c T GSPGPU_UnregisterInterruptRelayQueue
00179198 00000048 T GSPGPU_AcquireRight
001791e0 0000002c T GSPGPU_ReleaseRight
0017920c 00000080 T GSPGPU_ImportDisplayCaptureInfo
0017928c 0000002c T GSPGPU_SaveVramSysArea
001792b8 0000002c T GSPGPU_RestoreVramSysArea
001792e4 000000d8 T hidExit
001793bc 00000238 T hidScanInput
001795f4 00000010 T hidKeysHeld
00179604 00000010 T hidKeysDown
00179614 00000090 T HIDUSER_GetHandles
001796a4 00000184 T hidInit
00179828 000000b0 T irrstScanInput
001798d8 0000001c T irrstKeysHeld
001798f4 00000050 T IRRST_GetHandles
00179944 00000148 T irrstInit
00179a8c 0000002c T IRRST_Shutdown
00179ab8 000000b0 T irrstExit
00179b68 00000070 T ptmSysmInit
00179bd8 00000034 T ptmSysmExit
00179c0c 00000034 T PTMSYSM_ConfigureNew3DSCPU
00179c40 00000070 T rbtree_find
00179cb0 00000014 T rbtree_init
00179cc4 000001d4 t do_insert
00179e98 00000008 T rbtree_insert
00179ea0 0000035c T rbtree_remove
0017a1fc 000000ac T rbtree_rotate
0017a2a8 00000058 t osGetMemRegionSize
0017a300 00000124 W __system_allocateHeaps
0017a424 000000f4 T __system_initArgv
0017a518 00000038 W __libctru_init
0017a550 00000030 t __ctru_get_reent
0017a580 000000e8 T __system_initSyscalls
0017a668 T svcControlMemory
0017a688 T svcExitProcess
0017a690 T svcCreateThread
0017a6b0 T svcExitThread
0017a6b8 T svcSleepThread
0017a6c0 T svcReleaseMutex
0017a6c8 T svcCreateEvent
0017a6dc T svcSignalEvent
0017a6e4 T svcClearEvent
0017a6ec T svcMapMemoryBlock
0017a6f4 T svcUnmapMemoryBlock
0017a6fc T svcCreateAddressArbiter
0017a710 T svcArbitrateAddress
0017a728 T svcCloseHandle
0017a730 T svcWaitSynchronization
0017a738 T svcWaitSynchronizationN
0017a760 T svcDuplicateHandle
0017a774 T svcGetSystemTick
0017a77c T svcGetSystemInfo
0017a794 T svcConnectToPort
0017a7a8 T svcSendSyncRequest
0017a7b0 T svcBreak
0017a7b8 00000024 t addrMapNodeComparator(rbtree_node const*, rbtree_node const*)
0017a7dc 00000004 t addrMapNodeDestructor(rbtree_node*)
0017a7e0 000000f4 T mappableAlloc
0017a8d4 00000050 T mappableFree
0017a924 00000094 T envGetHandle
0017a9b8 0000004c T envDestroyHandles
0017aa04 00000050 T srvExit
0017aa54 00000038 T srvRegisterClient
0017aa8c 00000070 T srvInit
0017aafc 00000068 T srvGetServiceHandleDirect
0017ab64 00000038 T srvGetServiceHandle
0017ab9c 00000034 t LightLock_Unlock.part.1
0017abd0 0000000c T __sync_init
0017abdc 00000018 T __sync_fini
0017abf4 00000010 T __sync_get_arbiter
0017ac04 00000018 T LightLock_Init
0017ac1c 00000094 T LightLock_Lock
0017acb0 00000034 T LightLock_TryLock
0017ace4 00000020 T LightLock_Unlock
0017ad04 00000024 T RecursiveLock_Init
0017ad28 00000030 T RecursiveLock_Lock
0017ad58 00000058 T RecursiveLock_TryLock
0017adb0 00000038 T RecursiveLock_Unlock
0017ade8 00000038 T LightEvent_Init
0017ae20 0000007c T LightEvent_Clear
0017ae9c 000000dc T LightEvent_Signal
0017af78 000000c8 T LightEvent_Wait
0017b040 000001c8 T threadCreate
0017b208 00000024 T threadJoin
0017b22c 0000006c T threadExit
0017b298 0000003c t _thread_begin
0017b2d4 0000008c T rbtree_node_next
0017b360 0000001c W __appExit
0017b37c 0000001c W __appInit
0017b398 000000a4 W __libctru_exit
0017b43c 00000010 t sdmc_link
0017b44c 00000010 t sdmc_dirreset
0017b45c 00000010 t sdmc_chmod
0017b46c 00000010 t sdmc_fchmod
0017b47c 00000024 t error_cmp
0017b4a0 00000050 t sdmc_translate_error
0017b4f0 00000034 t sdmc_fsync
0017b524 00000054 t sdmc_ftruncate
0017b578 000000ac t sdmc_statvfs
0017b624 00000038 t sdmc_dirclose
0017b65c 0000013c t sdmc_dirnext
0017b798 00000034 t sdmc_close
0017b7cc 00000074 t sdmc_fstat
0017b840 000000c0 t sdmc_seek
0017b900 0000008c t sdmc_read
0017b98c 00000110 t sdmc_write_safe
0017ba9c 000001b4 t sdmc_utf16path
0017bc50 00000074 t sdmc_rmdir
0017bcc4 000000a8 t sdmc_diropen
0017bd6c 000000a0 t sdmc_chdir
0017be0c 00000098 t sdmc_mkdir
0017bea4 00000108 t sdmc_rename
0017bfac 00000074 t sdmc_unlink
0017c020 00000108 t sdmc_stat
0017c128 00000188 t sdmc_open
0017c2b0 0000015c T sdmcInit
0017c40c 00000054 T sdmcExit
0017c460 00000028 t fsSessionForArchive.part.0
0017c488 000000cc T fsInit
0017c554 00000038 T fsExit
0017c58c 00000074 T fsExemptFromSession
0017c600 00000054 T fsUnexemptFromSession
0017c654 000000bc T FSUSER_OpenFile
0017c710 000000a4 T FSUSER_DeleteFile
0017c7b4 000000e0 T FSUSER_RenameFile
0017c894 000000a4 T FSUSER_DeleteDirectory
0017c938 000000bc T FSUSER_CreateFile
0017c9f4 000000ac T FSUSER_CreateDirectory
0017caa0 000000e0 T FSUSER_RenameDirectory
0017cb80 000000a4 T FSUSER_OpenDirectory
0017cc24 0000009c T FSUSER_OpenArchive
0017ccc0 00000074 T FSUSER_CloseArchive
0017cd34 00000078 T FSUSER_GetSdmcArchiveResource
0017cdac 00000064 T FSUSER_IsSdmcWritable
0017ce10 0000005c T FSFILE_Read
0017ce6c 00000064 T FSFILE_Write
0017ced0 0000003c T FSFILE_GetSize
0017cf0c 0000002c T FSFILE_SetSize
0017cf38 0000003c T FSFILE_Close
0017cf74 00000024 T FSFILE_Flush
0017cf98 00000054 T FSDIR_Read
0017cfec 0000003c T FSDIR_Close
0017d028 00000138 T decode_utf8
0017d160 000000e4 T utf16_to_utf8
0017d244 000000bc T utf8_to_utf16
0017d300 T __aeabi_read_tp
0017d30c 00000060 T decode_utf16
0017d36c 00000068 T encode_utf16
0017d3d4 00000104 T encode_utf8
0017d4d8 0000000c T atol
0017d4e4 00000078 T bsearch
0017d55c 00000020 T calloc
0017d57c 00000090 T _calloc_r
0017d60c 0000000c T __errno
0017d618 00000120 T _fclose_r
0017d738 00000018 T fclose
0017d750 00000230 T __sflush_r
0017d980 00000090 T _fflush_r
0017da10 00000038 T fflush
0017da48 0000000c T _cleanup_r
0017da54 00000080 t std.isra.0
0017dad4 00000048 T __sfmoreglue
0017db1c 0000008c T __sinit
0017dba8 0000011c T __sfp
0017dcc4 0000000c T __sfp_lock_acquire
0017dcd0 0000000c T __sfp_lock_release
0017dcdc 0000003c T __libc_fini_array
0017dd18 0000013c T _fopen_r
0017de54 00000020 T fopen
0017de74 000002ec T _fread_r
0017e160 00000038 T fread
0017e198 000000f8 T _malloc_trim_r
0017e290 000002e4 T _free_r
0017e574 00000004 T _fseek_r
0017e578 00000028 T fseek
0017e5a0 000004f8 T _fseeko_r
0017ea98 00000018 T ftell
0017eab0 00000164 T _ftello_r
0017ec14 00000078 T _fwalk
0017ec8c 00000080 T _fwalk_reent
0017ed0c 00000078 T __libc_init_array
0017ed84 00000160 T __smakebuf_r
0017eee4 00000020 T memalign
0017ef04 0000015c T _memalign_r
0017f060 00000018 T malloc
0017f078 00000018 T free
0017f090 000007a8 T _malloc_r
0017f838 00000100 T memchr
0017f938 000000a8 T memcmp
0017f9e0 000000f0 T memcpy
0017fad0 00000128 T memmove
0017fbf8 000000f4 T memset
0017fcec 0000000c T __malloc_lock
0017fcf8 0000000c T __malloc_unlock
0017fd04 00000890 T qsort
00180594 0000001c T srand
001805b0 00000020 T realloc
001805d0 000004c0 T _realloc_r
00180a90 0000001c t lflush
00180aac 000001d8 T __srefill_r
00180c84 00000068 T sprintf
00180cec 00000030 T __sread
00180d1c 00000054 T __swrite
00180d70 0000002c T __sseek
00180d9c 00000008 T __sclose
00180da4 000000f0 T strcpy
00180e94 0000005c T strlen
00180ef0 000000a4 T strncat
00180f94 0000011c T strncmp
001810b0 000000e0 T strncpy
00181190 00000044 T strrchr
001811d4 00000118 t critical_factorization
001812ec 0000038c t two_way_long_needle
00181678 0000036c T strstr
001819e4 000001d4 T _strtol_r
00181bb8 00000028 T strtol
00181be0 0000161c t get_arg
00183200 000049fc T _svfprintf_r
00187c00 00000040 T time
00187c40 000000b0 T _vsnprintf_r
00187cf0 00000038 T vsnprintf
00187d28 0000008c T _wcrtomb_r
00187db4 00000020 T _wcsrtombs_r
00187dd4 00000114 T __utf8_wctomb
00187ee8 000001bc t quorem
001880a8 000012c8 T _dtoa_r
00189370 000000b0 T __sflags
00189420 0000000c T __locale_charset
0018942c 00000010 T __locale_mb_cur_max
0018943c 0000000c T _localeconv_r
00189448 000002fc T __utf8_mbtowc
00189744 0000008c T _Balloc
001897d0 0000001c T _Bfree
001897ec 000000d0 T __multadd
001898bc 0000005c T __hi0bits
00189918 00000098 T __lo0bits
001899b0 00000020 T __i2b
001899d0 000001dc T __multiply
00189bac 00000100 T __pow5mult
00189cac 000000f0 T __lshift
00189d9c 00000064 T __mcmp
00189e00 00000198 T __mdiff
00189f98 00000104 T __d2b
0018a09c 00000074 T __fpclassifyd
0018a110 00000094 T frexp
0018a1a8 0000015c T strchr
0018a304 000001a8 T __ssprint_r
0018a4ac 00000190 T _wcsnrtombs_r
0018a63c 0000005c T strnlen
0018a698 T _fini
0018b000 R FreeSans_ttf
002396d8 R FreeSans_ttf_end
002396d8 R FreeSans_ttf_size
002396dc 00001450 R blokken_img
0023ab34 0000004c r ft_default_modules
0023ab80 00000058 r ft_trig_arctan_table
0023abd8 00000048 r ft_raccess_guess_table
0023ac20 00000024 r fvar_fields.9706
0023ac44 00000020 r fvaraxis_fields.9707
0023ac64 00000024 r gvar_fields.9645
0023ac88 000000b4 r trick_names.8089
0023ad3c 00000198 r sfnt_id.8118
0023aed4 00000030 r tt_services
0023af04 00000100 r opcode_length
0023b004 00000100 r Pop_Push_Count
0023b110 00000044 R tt_default_graphics_state
0023b154 00000060 R tt_driver_class
0023b1b4 00000004 r tt_service_truetype_glyf
0023b1b8 00000001 r tt_service_truetype_engine
0023b1bc 00000014 r tt_service_gx_multi_masters
0023b1d0 00000008 r tt_service_properties
0023b1d8 00000038 r t1_services
0023b218 000005e0 r t1_keywords
0023b7f8 00000060 R t1_driver_class
0023b858 00000004 r t1_service_kerning
0023b85c 00000014 r t1_service_ps_info
0023b870 00000014 r t1_service_multi_masters
0023b884 00000004 r t1_service_ps_name
0023b888 00000008 r t1_service_glyph_dict
0023b890 00000028 r power_tens
0023b8b8 00000028 R cff_cmap_encoding_class_rec
0023b8e0 00000028 R cff_cmap_unicode_class_rec
0023b908 00000040 r cff_services
0023b948 000005b0 r cff_field_handlers
0023bef8 00000200 r cff_standard_encoding
0023c0f8 00000018 r cff_header_fields.8442
0023c110 000001ca r cff_isoadobe_charset
0023c2dc 0000014c r cff_expert_charset
0023c428 000000ae r cff_expertsubset_charset
0023c4d8 00000200 r cff_expert_encoding
0023c6d8 0000000c r readFromStack.10303
0023c6e4 0000000c r readFromStack.10305
0023c6f0 0000000c r readFromStack.10307
0023c6fc 0000000c r readFromStack.10309
0023c708 00000060 R cff_driver_class
0023c768 00000008 r cff_service_properties
0023c770 0000000c r cff_service_cid_info
0023c77c 00000004 r cff_service_get_cmap_info
0023c780 00000004 r cff_service_ps_name
0023c784 00000014 r cff_service_ps_info
0023c798 00000008 r cff_service_glyph_dict
0023c7a0 00000028 r cid_services
0023c7c8 00000660 r cid_field_records
0023ce28 00000060 R t1cid_driver_class
0023ce88 0000000c r cid_service_cid_info
0023ce94 00000014 r cid_service_ps_info
0023cea8 00000004 r cid_service_ps_name
0023ceac 00000018 r pfr_services
0023cec4 00000074 r pfr_header_fields
0023cf38 00000028 r pfr_phy_font_extra_items
0023cf60 00000028 R pfr_cmap_class_rec
0023cf88 00000060 R pfr_driver_class
0023cfe8 0000000c r pfr_metrics_service_rec
0023cff4 00000028 r t42_services
0023d01c 00000280 r t42_keywords
0023d29c 00000060 R t42_driver_class
0023d2fc 00000014 r t42_service_ps_info
0023d310 00000004 r t42_service_ps_font_name
0023d314 00000008 r t42_service_glyph_dict
0023d31c 00000018 r winfnt_services
0023d334 00000098 r winfnt_header_fields
0023d3cc 00000014 r winmz_header_fields
0023d3e0 00000018 r winne_header_fields
0023d3f8 00000034 r winpe32_header_fields
0023d42c 00000020 r winpe32_section_fields
0023d44c 00000020 r winpe_rsrc_dir_fields
0023d46c 00000010 r winpe_rsrc_dir_entry_fields
0023d47c 00000018 r winpe_rsrc_data_entry_fields
0023d494 00000028 r fnt_cmap_class_rec
0023d4bc 00000060 R winfnt_driver_class
0023d51c 00000004 r winfnt_service_rec
0023d520 00000018 r pcf_services
0023d538 00000020 r pcf_metric_msb_header
0023d558 00000020 r pcf_metric_header
0023d578 0000001c r pcf_compressed_metric_header
0023d594 00000034 r pcf_accel_msb_header
0023d5c8 00000034 r pcf_accel_header
0023d5fc 00000010 r pcf_toc_header
0023d60c 00000018 r pcf_table_header
0023d624 00000014 r pcf_property_header
0023d638 00000014 r pcf_property_msb_header
0023d64c 00000028 r pcf_cmap_class
0023d674 00000060 R pcf_driver_class
0023d6d4 00000008 r pcf_service_bdf
0023d6dc 00000018 r bdf_services
0023d6f4 00000020 r ddigits
0023d714 00000020 r hdigits
0023d734 00000080 r a2i
0023d7b4 00000001 r empty
0023d7b8 00000028 r bdf_cmap_class
0023d7e0 00000008 r nibble_mask
0023d7e8 00000530 r _bdf_properties
0023dd18 00000060 R bdf_driver_class
0023dd78 00000008 r bdf_service_bdf
0023dd80 00000030 r sfnt_services
0023ddb0 00000044 r pclt_fields.7192
0023ddf4 00000014 r name_table_fields.7146
0023de08 0000001c r name_record_fields.7147
0023de24 0000002c r post_fields.7187
0023de50 00000010 r maxp_fields.7131
0023de60 0000003c r maxp_fields_extra.7132
0023de9c 0000004c r metrics_header_fields.7241
0023dee8 00000028 r tt_cmap_classes
0023df10 00000084 r tt_encodings.8539
0023df94 00000018 r offset_table_fields.7084
0023dfac 00000018 r table_dir_entry_fields.7067
0023dfc4 000000b0 r os2_fields.7176
0023e074 00000010 r os2_fields_extra1.7177
0023e084 0000001c r os2_fields_extra2.7178
0023e0a0 00000010 r os2_fields_extra5.7179
0023e0b0 0000003c r woff_header_fields.8573
0023e0ec 00000010 r ttc_header_fields.8606
0023e0fc 00000054 r header_fields.7115
0023e150 00000024 R sfnt_module_class
0023e174 00000078 r sfnt_interface
0023e1ec 00000008 r sfnt_service_bdf
0023e1f4 00000004 r tt_service_get_cmap_info
0023e1f8 00000004 r sfnt_service_ps_name
0023e1fc 00000008 r sfnt_service_glyph_dict
0023e204 0000000c r sfnt_service_sfnt_table
0023e210 00000034 R tt_cmap14_class_rec
0023e244 00000034 R tt_cmap13_class_rec
0023e278 00000034 R tt_cmap12_class_rec
0023e2ac 00000034 R tt_cmap10_class_rec
0023e2e0 00000034 R tt_cmap8_class_rec
0023e314 00000034 R tt_cmap6_class_rec
0023e348 00000034 R tt_cmap4_class_rec
0023e37c 00000034 R tt_cmap2_class_rec
0023e3b0 00000034 R tt_cmap0_class_rec
0023e3e4 00000100 r af_warper_weights
0023e4e4 000000d4 R af_style_classes
0023e5b8 00000014 R af_writing_system_classes
0023e5cc 00000010 r af_services
0023e5dc 00000068 R af_script_classes
0023e644 00000110 R af_blue_stringsets
0023e754 00000410 R af_blue_strings
0023eb64 00000005 R af_arab_dflt_style_class
0023eb6c 00000024 R autofit_module_class
0023eb90 00000010 R af_autofitter_interface
0023eba0 00000008 r af_service_properties
0023eba8 0000001c R af_indic_writing_system_class
0023ebc4 0000001c R af_cjk_writing_system_class
0023ebe0 0000001c R af_latin_writing_system_class
0023ebfc 0000001c R af_dummy_writing_system_class
0023ec18 00000018 R af_hani_nonbase_uniranges
0023ec30 000000f8 R af_hani_uniranges
0023ed28 00000050 R af_tibt_nonbase_uniranges
0023ed78 00000010 R af_tibt_uniranges
0023ed88 00000020 R af_taml_nonbase_uniranges
0023eda8 00000010 R af_taml_uniranges
0023edb8 00000028 R af_sylo_nonbase_uniranges
0023ede0 00000010 R af_sylo_uniranges
0023edf0 00000018 R af_sund_nonbase_uniranges
0023ee08 00000018 R af_sund_uniranges
0023ee20 00000018 R af_sinh_nonbase_uniranges
0023ee38 00000010 R af_sinh_uniranges
0023ee48 00000038 R af_orya_nonbase_uniranges
0023ee80 00000010 R af_orya_uniranges
0023ee90 00000020 R af_mlym_nonbase_uniranges
0023eeb0 00000010 R af_mlym_uniranges
0023eec0 00000020 R af_limb_nonbase_uniranges
0023eee0 00000010 R af_limb_uniranges
0023eef0 00000038 R af_knda_nonbase_uniranges
0023ef28 00000010 R af_knda_uniranges
0023ef38 00000030 R af_guru_nonbase_uniranges
0023ef68 00000010 R af_guru_uniranges
0023ef78 00000030 R af_gujr_nonbase_uniranges
0023efa8 00000010 R af_gujr_uniranges
0023efb8 00000030 R af_beng_nonbase_uniranges
0023efe8 00000010 R af_beng_uniranges
0023eff8 00000020 R af_thai_nonbase_uniranges
0023f018 00000010 R af_thai_uniranges
0023f028 00000028 R af_telu_nonbase_uniranges
0023f050 00000010 R af_telu_uniranges
0023f060 00000008 R af_none_nonbase_uniranges
0023f068 00000008 R af_none_uniranges
0023f070 00000008 R af_latp_nonbase_uniranges
0023f078 00000070 R af_latp_uniranges
0023f0e8 00000008 R af_latb_nonbase_uniranges
0023f0f0 00000020 R af_latb_uniranges
0023f110 00000088 R af_latn_nonbase_uniranges
0023f198 00000108 R af_latn_uniranges
0023f2a0 00000020 R af_lao_nonbase_uniranges
0023f2c0 00000010 R af_lao_uniranges
0023f2d0 00000030 R af_hebr_nonbase_uniranges
0023f300 00000018 R af_hebr_uniranges
0023f318 00000040 R af_grek_nonbase_uniranges
0023f358 00000018 R af_grek_uniranges
0023f370 00000040 R af_deva_nonbase_uniranges
0023f3b0 00000038 R af_deva_uniranges
0023f3e8 00000028 R af_cyrl_nonbase_uniranges
0023f410 00000028 R af_cyrl_uniranges
0023f438 00000098 R af_arab_nonbase_uniranges
0023f4d0 00000038 R af_arab_uniranges
0023f508 00000005 R af_hani_dflt_style_class
0023f510 00000005 R af_tibt_dflt_style_class
0023f518 00000005 R af_taml_dflt_style_class
0023f520 00000005 R af_sylo_dflt_style_class
0023f528 00000005 R af_sund_dflt_style_class
0023f530 00000005 R af_sinh_dflt_style_class
0023f538 00000005 R af_orya_dflt_style_class
0023f540 00000005 R af_mlym_dflt_style_class
0023f548 00000005 R af_limb_dflt_style_class
0023f550 00000005 R af_knda_dflt_style_class
0023f558 00000005 R af_guru_dflt_style_class
0023f560 00000005 R af_gujr_dflt_style_class
0023f568 00000005 R af_beng_dflt_style_class
0023f570 00000005 R af_thai_dflt_style_class
0023f578 00000005 R af_telu_dflt_style_class
0023f580 00000005 R af_none_dflt_style_class
0023f588 00000005 R af_latp_dflt_style_class
0023f590 00000005 R af_latb_dflt_style_class
0023f598 00000005 R af_latn_dflt_style_class
0023f5a0 00000005 R af_latn_titl_style_class
0023f5a8 00000005 R af_latn_sups_style_class
0023f5b0 00000005 R af_latn_subs_style_class
0023f5b8 00000005 R af_latn_smcp_style_class
0023f5c0 00000005 R af_latn_sinf_style_class
0023f5c8 00000005 R af_latn_pcap_style_class
0023f5d0 00000005 R af_latn_ordn_style_class
0023f5d8 00000005 R af_latn_c2sc_style_class
0023f5e0 00000005 R af_latn_c2cp_style_class
0023f5e8 00000005 R af_lao_dflt_style_class
0023f5f0 00000005 R af_hebr_dflt_style_class
0023f5f8 00000005 R af_grek_dflt_style_class
0023f600 00000005 R af_grek_titl_style_class
0023f608 00000005 R af_grek_sups_style_class
0023f610 00000005 R af_grek_subs_style_class
0023f618 00000005 R af_grek_smcp_style_class
0023f620 00000005 R af_grek_sinf_style_class
0023f628 00000005 R af_grek_pcap_style_class
0023f630 00000005 R af_grek_ordn_style_class
0023f638 00000005 R af_grek_c2sc_style_class
0023f640 00000005 R af_grek_c2cp_style_class
0023f648 00000005 R af_deva_dflt_style_class
0023f650 00000005 R af_cyrl_dflt_style_class
0023f658 00000005 R af_cyrl_titl_style_class
0023f660 00000005 R af_cyrl_sups_style_class
0023f668 00000005 R af_cyrl_subs_style_class
0023f670 00000005 R af_cyrl_smcp_style_class
0023f678 00000005 R af_cyrl_sinf_style_class
0023f680 00000005 R af_cyrl_pcap_style_class
0023f688 00000005 R af_cyrl_ordn_style_class
0023f690 00000005 R af_cyrl_c2sc_style_class
0023f698 00000005 R af_cyrl_c2cp_style_class
0023f6a0 00000018 R af_hani_script_class
0023f6b8 00000018 R af_tibt_script_class
0023f6d0 00000018 R af_taml_script_class
0023f6e8 00000018 R af_sylo_script_class
0023f700 00000018 R af_sund_script_class
0023f718 00000018 R af_sinh_script_class
0023f730 00000018 R af_orya_script_class
0023f748 00000018 R af_mlym_script_class
0023f760 00000018 R af_limb_script_class
0023f778 00000018 R af_knda_script_class
0023f790 00000018 R af_guru_script_class
0023f7a8 00000018 R af_gujr_script_class
0023f7c0 00000018 R af_beng_script_class
0023f7d8 00000018 R af_thai_script_class
0023f7f0 00000018 R af_telu_script_class
0023f808 00000018 R af_none_script_class
0023f820 00000018 R af_latp_script_class
0023f838 00000018 R af_latb_script_class
0023f850 00000018 R af_latn_script_class
0023f868 00000018 R af_lao_script_class
0023f880 00000018 R af_hebr_script_class
0023f898 00000018 R af_grek_script_class
0023f8b0 00000018 R af_deva_script_class
0023f8c8 00000018 R af_cyrl_script_class
0023f8e0 00000018 R af_arab_script_class
0023f8f8 00000024 R pshinter_module_class
0023f91c 0000000c r pshinter_interface
0023f928 0000003c R ft_raster1_renderer_class
0023f964 00000018 R ft_standard_raster
0023f97c 00000018 r func_interface
0023f994 0000003c R ft_smooth_lcdv_renderer_class
0023f9d0 0000003c R ft_smooth_lcd_renderer_class
0023fa0c 0000003c R ft_smooth_renderer_class
0023fa48 00000018 R ft_grays_raster
0023fa60 00000014 r ftc_face_list_class
0023fa74 00000014 r ftc_size_list_class
0023fa88 00000020 r ftc_cmap_cache_class
0023faa8 00000024 r ftc_basic_image_cache_class
0023facc 00000024 r ftc_basic_sbit_cache_class
0023faf0 0000001c r ftc_basic_sbit_family_class
0023fb0c 00000018 r ftc_basic_image_family_class
0023fb24 00000034 R ps_parser_funcs
0023fb58 00000080 r ft_char_table
0023fbd8 00000010 R ps_table_funcs
0023fbe8 00000020 R t1_builder_funcs
0023fc08 0000000c R t1_decoder_funcs
0023fc14 0000006c r t1_args_count
0023fc80 00000128 r afm_key_table
0023fda8 00000028 R t1_cmap_unicode_class_rec
0023fdd0 00000028 R t1_cmap_custom_class_rec
0023fdf8 00000028 R t1_cmap_expert_class_rec
0023fe20 00000028 R t1_cmap_standard_class_rec
0023fe48 00000024 R psaux_module_class
0023fe6c 0000001c r psaux_interface
0023fe88 00000010 R t1_cmap_classes
0023fe98 0000000c R afm_parser_funcs
0023fea4 00000e70 r ft_standard_glyph_names
00240d14 00000204 r ft_mac_names
00240f18 0000030e r ft_sid_names
00241228 00000010 r pscmaps_services
00241238 0000dabd r ft_adobe_glyph_list
0024ecf8 00000055 r ft_extra_glyph_names
0024ed50 00000024 R psnames_module_class
0024ed74 00000020 r pscmaps_interface
0024ed94 00000200 r t1_expert_encoding
0024ef94 00000200 r t1_standard_encoding
0024f194 00000020 R ft_outline_glyph_class
0024f1b4 00000020 R ft_bitmap_glyph_class
0024f1d4 00000800 r lenfix.5550
0024f9d4 00000080 r distfix.5551
0024fa54 00000026 r order.5579
0024fa7c 00000040 r dext.5465
0024fabc 00000040 r dbase.5464
0024fafc 0000003e r lext.5463
0024fb3c 0000003e r lbase.5462
0024fb7c 0000002f R inflate_copyright
0024fbac 00000028 R z_errmsg
0024fbd4 00002000 r crc_table
00251bd4 00000010 r CSWTCH.23
00251be4 R shader_shbin
00251d30 R shader_shbin_end
00251d30 R shader_shbin_size
00251d34 00000003 r parm.11295
00251d38 00000004 r CSWTCH.7
00251d3c 00000005 r colorFmtSizes
00251d44 00000004 r depthFmtSizes
00251d48 00000038 r CSWTCH.2
00251d80 00000014 r CSWTCH.26
00251d94 00000008 r framebufferInfoSt
00251d9c 0000000c r serviceNameTable.6245
00251da8 00000030 r error_table
00251de4 00000068 R dotab_stdnull
00251e4c 00000003 R DIRECTORY_PARENT
00251e50 00000002 R DIRECTORY_THIS
00251e54 00000002 R DIRECTORY_SEPARATOR
0025303c 00000004 R _global_impure_ptr
00253040 00000010 r blanks.7122
00253090 r .LC2
00253094 00000010 r zeroes.7123
002530a4 00000101 R _ctype_
002532d8 000000c8 R __mprec_tens
002533a0 0000000c r p05.5412
002533b0 00000028 R __mprec_bigtens
002533d8 0000006c R __state_table
00253444 00000100 R __chclass
00253544 0000006c R __action_table
002535b8 r __EH_FRAME_BEGIN__
002535b8 R __exidx_end
002535b8 R __exidx_start
00254000 00000004 D totalPlayers
00254004 00000050 D vormen
00254054 00000010 D startPosition
00254064 00000004 D gameStatus
00254068 00000004 D center
0025406c 00000004 d useTransform_desc
00254070 00000004 d transform_desc
00254074 00000004 d vblank_wait
00254078 00000004 d projection_desc
0025407c 00000001 d topFormat
0025407d 00000001 d botFormat
00254080 00000008 d doubleBuf
00254088 00000004 d aptFlags
0025408c 00000004 d gspLastEvent
00254090 W __stacksize__
00254094 00000401 d __cwd
00254498 00000068 d sdmc_devoptab
00254500 00000004 d defaultDevice
00254504 00000040 D devoptab_list
00254544 00001000 d _current_working_directory
00255544 0000000c d __stdin_handle
00255550 0000000c d __stdout_handle
0025555c 0000000c d __stderr_handle
00255568 00000004 d __hndl_lock
0025556c 00001000 d handles
0025656c 0000000c d __sfp_lock
00256578 0000000c d __sinit_lock
00256588 00000440 d impure_data
002569c8 00000004 D _impure_ptr
002569cc 00000408 D __malloc_av_
00256dd4 00000004 D __malloc_trim_threshold
00256dd8 00000004 D __malloc_sbrk_base
00256ddc 0000000c d __malloc_lock_object
00256de8 00000004 D __wctomb
00256dec 00000004 D __ctype_ptr__
00256df0 00000038 d lconv
00256e28 00000020 d lc_ctype_charset
00256e48 00000004 D __mb_cur_max
00256e4c 00000004 D __mbtowc
00256e50 t __frame_dummy_init_array_entry
00256e50 T __init_array_start
00256e50 d __JCR_LIST__
00256e50 B __preinit_array_end
00256e50 B __preinit_array_start
00256e50 D __tdata_lma
00256e50 D __tdata_lma_end
00256e50 D __TMC_END__
00256e50 d __TMC_LIST__
00256e54 t __do_global_dtors_aux_fini_array_entry
00256e54 T __fini_array_start
00256e54 T __init_array_end
00256e58 T __bss_start__
00256e58 T __fini_array_end
00256e58 b completed.6505
00256e5c b object.6510
00256e74 00000640 B titleScreen
002574b4 00000004 B flip
002574b8 00000004 B rotation
002574bc 00000640 B field
00257afc 00000004 B playerActive
00257b00 00000010 B opgegeven
00257b10 00000010 b scores.13406
00257b20 00000004 B frames
00257b24 00000040 B titlePlayer
00257b64 00000010 B titleCurrent
00257b74 00000a50 B startscherm
002585c4 00000004 B tick
002585c8 00000004 B optacie
002585cc 00000004 b sftd_initialized
002585d0 00000004 b ftlibrary
002585d8 00000004 b sf2d_initialized
002585dc 00000004 b pool_addr
002585e0 00000014 b shader
002585f4 00000004 b dvlb
002585f8 00000004 b in_render
002585fc 00000004 b pool_index
00258600 00000001 b cur_screen
00258601 00000001 b cur_side
00258604 00000004 b targetTopLeft
00258608 00000004 b targetTopRight
0025860c 00000004 b targetBottom
00258610 00000004 b frames
00258618 00000008 b last_time
00258620 00000004 b current_fps
00258624 00000004 b pool_size
00258628 0000000c b hookCookie
00258634 00000001 b queuedCount
00258638 00000004 b transferQueue
0025863c 00000004 b clearQueue
00258640 00000001 b inSafeTransfer
00258644 0000000c b linkedTarget
00258650 0000004c b temp.11950
0025869c 00000001 b inSafeClear
0025869d 00000001 b queueSwap
002586a0 00000020 b queuedFrame
002586c0 00000001 b queuedState
002586c1 00000001 b inFrame
002586c4 00000004 b lastTarget
002586c8 00000004 b firstTarget
002586cc 00000018 b C3Di_ShaderFVecData
002586e4 000000c0 b C3Di_FVUnifEverDirty
002587a4 00000008 b C3Di_IVUnifEverDirty
002587ac 00000008 b sLinearPool
002587b4 0000000c b sAddrMap
002587c0 00000008 b sVramPool
002587c8 0000000c b sAddrMap
002587d4 00000001 b enable3d
002587d8 00000004 b screenFree
002587dc 00000002 b currentBuffer
002587e0 00000001 V __ctru_speedup
002587e4 00000004 b aptLockHandle
002587e8 00000004 b serviceName.6244
002587ec 0000000c b aptFirstHook
002587f8 00000004 b aptMessageFunc
002587fc 00000004 b aptMessageFuncData
00258800 0000000c b aptEvents
0025880c 00000001 b aptHomeButtonState
00258810 00000008 b aptSleepEvent
00258818 00001000 b aptParameters
00259818 00000004 b aptRefCount
0025981c 00000004 b aptEventHandlerThread
00259820 00000001 b flagInit.6595
00259821 00000001 b flagValue.6596
00259824 00000001 b gspRunEvents
00259828 00000004 b gspEvent
0025982c 00000004 b gspEventData
00259830 0000001c b gspEventCb
0025984c 00000007 b gspEventCbOneShot
00259854 0000001c b gspEventCbData
00259870 00000038 b gspEvents
002598a8 0000001c b gspEventCounts
002598c4 00000004 b gspRefCount
002598c8 00000004 b gspEventThread
002598cc 00000004 b hidRefCount
002598d0 00000004 b kOld
002598d4 00000004 b kHeld
002598d8 00000004 b cPos
002598dc 00000004 b tPos
002598e0 00000006 b aVec
002598e8 00000006 b gRate
002598f0 00000004 b kDown
002598f4 00000004 b kUp
002598f8 00000004 b irrstRefCount
002598fc 00000004 b kHeld
00259900 00000004 b csPos
00259904 00000004 b ptmSysmRefCount
00259908 00000004 b ptmSysmHandle
0025990c b saved_stack
00259914 00000008 b sMappablePool
0025991c 0000000c b sAddrMap
00259928 00000004 b srvRefCount
0025992c 00000004 b srvHandle
00259930 00000004 b arbiter
00259938 00000008 b sdmcArchive
00259940 00000001 b sdmcInitialised
00259948 00000004 b fsuHandle
0025994c 00000004 b fsuRefCount
00259950 00000080 b fsExemptArchives
002599d0 00000004 b heap_start.5704
002599d4 00000004 B fake_heap_start
002599d8 00000004 B fake_heap_end
002599dc 00001000 b temp_cwd
0025a9dc 00000038 B __syscalls
0025aa14 00000004 B __malloc_max_total_mem
0025aa18 00000004 B __malloc_max_sbrked_mem
0025aa1c 00000004 B __malloc_top_pad
0025aa20 00000028 B __malloc_current_mallinfo
0025aa48 00000004 B y_as
0025aa4c 00000010 B playerStatus
0025aa5c 00000050 B used
0025aaac 00000004 B turn
0025aab0 00000020 B currentPiece
0025aad0 00000004 B x_as
0025aad4 00000004 B stukje
0025aad8 00000008 B lastTime
0025aae0 00000054 B neergelegt
0025ab38 00000278 B __C3D_Context
0025adb0 00000020 B C3D_IVUnif
0025add0 000000c0 B C3D_FVUnifDirty
0025ae90 00000002 B C3D_BoolUnifsDirty
0025ae94 00000008 B C3D_IVUnifDirty
0025ae9c 00000004 B C3D_BoolUnifs
0025aea0 00000c00 B C3D_FVUnif
0025baa0 00000008 B gfxBottomFramebuffers
0025baa8 00000004 B gspSharedMemHandle
0025baac 0000001c B bottomFramebufferInfo
0025bac8 00000004 B gspEvent
0025bacc 00000008 B gfxTopLeftFramebuffers
0025bad4 00000008 B gfxTopRightFramebuffers
0025badc 0000001c B topFramebufferInfo
0025baf8 00000001 B gfxThreadID
0025bafc 00000004 B gfxSharedMemory
0025bb00 00000004 B gpuCmdBuf
0025bb04 00000004 B gpuCmdBufOffset
0025bb08 00000004 B gpuCmdBufSize
0025bb0c 00000004 B gxCmdBuf
0025bb10 00000004 B gspGpuHandle
0025bb14 00000004 B hidMemHandle
0025bb18 00000004 B hidHandle
0025bb1c 00000004 B hidSharedMem
0025bb20 00000014 B hidEvents
0025bb34 00000004 B irrstHandle
0025bb38 00000004 B irrstEvent
0025bb3c 00000004 B irrstMemHandle
0025bb40 00000004 B irrstSharedMem
0025bb44 00000004 B __ctru_heap_size
0025bb48 00000004 B __ctru_linear_heap
0025bb4c 00000004 B __ctru_heap
0025bb50 00000004 B __ctru_linear_heap_size
0025bb54 00000004 B __system_argv
0025bb58 00000004 B __system_argc
0025bb5c 00000004 B __system_retAddr
0025bb60 B __tls_start
0025ef6c B __bss_end__
0025ef6c A __end__
0025ef6c B __tls_end
